number,value,datetime_start,datetime_complete,duration,params_BBand_window,params_OI_window_MA_f,params_OI_window_MA_s,params_RV_period,params_RV_window,state
705,3.642708343870249,2023-12-07 12:55:04.279942,2023-12-07 12:55:04.509108,0 days 00:00:00.229166,64,4,44,96,68,COMPLETE
706,3.0969648926350666,2023-12-07 12:55:04.510114,2023-12-07 12:55:04.743395,0 days 00:00:00.233281,68,4,48,120,64,COMPLETE
707,4.424350506325201,2023-12-07 12:55:04.744282,2023-12-07 12:55:04.975159,0 days 00:00:00.230877,60,4,40,120,68,COMPLETE
708,4.093941520396479,2023-12-07 12:55:04.976073,2023-12-07 12:55:05.213083,0 days 00:00:00.237010,72,4,40,120,72,COMPLETE
709,2.8658043224280827,2023-12-07 12:55:05.213998,2023-12-07 12:55:05.450711,0 days 00:00:00.236713,64,8,36,48,68,COMPLETE
710,4.4322972054347805,2023-12-07 12:55:05.451548,2023-12-07 12:55:05.685987,0 days 00:00:00.234439,64,4,40,120,68,COMPLETE
711,0.11623144834452366,2023-12-07 12:55:05.686839,2023-12-07 12:55:05.926589,0 days 00:00:00.239750,68,64,40,120,72,COMPLETE
712,2.5911457817815444,2023-12-07 12:55:05.927547,2023-12-07 12:55:06.164711,0 days 00:00:00.237164,64,4,44,144,60,COMPLETE
713,3.7457249278899445,2023-12-07 12:55:06.165623,2023-12-07 12:55:06.401536,0 days 00:00:00.235913,60,8,40,96,64,COMPLETE
714,2.638865468302307,2023-12-07 12:55:06.402565,2023-12-07 12:55:06.638534,0 days 00:00:00.235969,64,4,40,120,56,COMPLETE
715,3.082034130468615,2023-12-07 12:55:06.639443,2023-12-07 12:55:06.870655,0 days 00:00:00.231212,64,4,36,120,52,COMPLETE
716,2.709599724230924,2023-12-07 12:55:06.871524,2023-12-07 12:55:07.106108,0 days 00:00:00.234584,60,8,44,120,68,COMPLETE
717,4.09204429593979,2023-12-07 12:55:07.107002,2023-12-07 12:55:07.337801,0 days 00:00:00.230799,68,4,40,120,68,COMPLETE
718,4.057901658315853,2023-12-07 12:55:07.338630,2023-12-07 12:55:07.571618,0 days 00:00:00.232988,64,4,40,120,64,COMPLETE
719,3.5812671042631066,2023-12-07 12:55:07.572484,2023-12-07 12:55:07.806069,0 days 00:00:00.233585,48,4,36,120,72,COMPLETE
720,2.746952235160358,2023-12-07 12:55:07.806977,2023-12-07 12:55:08.040727,0 days 00:00:00.233750,64,4,40,144,68,COMPLETE
721,2.709599724230924,2023-12-07 12:55:08.041601,2023-12-07 12:55:08.283904,0 days 00:00:00.242303,60,8,44,120,68,COMPLETE
722,4.09204429593979,2023-12-07 12:55:08.284803,2023-12-07 12:55:08.512758,0 days 00:00:00.227955,68,4,40,120,68,COMPLETE
723,4.391950886276888,2023-12-07 12:55:08.513593,2023-12-07 12:55:08.746094,0 days 00:00:00.232501,64,4,36,120,68,COMPLETE
724,1.5781503101499803,2023-12-07 12:55:08.746933,2023-12-07 12:55:08.981212,0 days 00:00:00.234279,64,12,40,120,64,COMPLETE
725,2.377895035556457,2023-12-07 12:55:08.982100,2023-12-07 12:55:09.212342,0 days 00:00:00.230242,64,8,44,120,72,COMPLETE
726,2.823112572386635,2023-12-07 12:55:09.213248,2023-12-07 12:55:09.448366,0 days 00:00:00.235118,68,4,40,96,68,COMPLETE
727,4.1110970984407595,2023-12-07 12:55:09.449239,2023-12-07 12:55:09.689149,0 days 00:00:00.239910,64,4,40,120,72,COMPLETE
728,4.033008390309566,2023-12-07 12:55:09.690008,2023-12-07 12:55:09.928164,0 days 00:00:00.238156,60,4,36,120,64,COMPLETE
729,-0.9781506032181377,2023-12-07 12:55:09.929252,2023-12-07 12:55:10.173026,0 days 00:00:00.243774,64,4,40,120,20,COMPLETE
730,1.6996154821603837,2023-12-07 12:55:10.173981,2023-12-07 12:55:10.406796,0 days 00:00:00.232815,68,8,44,144,68,COMPLETE
731,4.0135191330815445,2023-12-07 12:55:10.407758,2023-12-07 12:55:10.648739,0 days 00:00:00.240981,64,8,40,120,68,COMPLETE
732,4.383801129048291,2023-12-07 12:55:10.649700,2023-12-07 12:55:10.883595,0 days 00:00:00.233895,60,4,36,120,68,COMPLETE
733,4.1110970984407595,2023-12-07 12:55:10.884522,2023-12-07 12:55:11.126128,0 days 00:00:00.241606,64,4,40,120,72,COMPLETE
734,0.8102639654586479,2023-12-07 12:55:11.127091,2023-12-07 12:55:11.371668,0 days 00:00:00.244577,64,4,44,240,24,COMPLETE
735,2.8404824027179054,2023-12-07 12:55:11.372749,2023-12-07 12:55:11.617425,0 days 00:00:00.244676,68,8,40,96,4,COMPLETE
736,4.033008390309566,2023-12-07 12:55:11.618327,2023-12-07 12:55:11.852032,0 days 00:00:00.233705,60,4,36,120,64,COMPLETE
737,2.698266996636112,2023-12-07 12:55:11.852879,2023-12-07 12:55:12.091280,0 days 00:00:00.238401,64,8,40,120,32,COMPLETE
738,-1.0100675367772578,2023-12-07 12:55:12.092116,2023-12-07 12:55:12.328491,0 days 00:00:00.236375,12,4,60,120,68,COMPLETE
739,1.9284164361240101,2023-12-07 12:55:12.329961,2023-12-07 12:55:12.574961,0 days 00:00:00.245000,64,4,56,120,28,COMPLETE
740,4.1198833231230045,2023-12-07 12:55:12.575853,2023-12-07 12:55:12.808278,0 days 00:00:00.232425,60,4,40,120,64,COMPLETE
741,4.147616299781392,2023-12-07 12:55:12.809120,2023-12-07 12:55:13.049892,0 days 00:00:00.240772,64,4,44,120,68,COMPLETE
742,2.4735928541535737,2023-12-07 12:55:13.050854,2023-12-07 12:55:13.287803,0 days 00:00:00.236949,64,4,40,120,48,COMPLETE
743,0.7160097864049211,2023-12-07 12:55:13.288693,2023-12-07 12:55:13.520187,0 days 00:00:00.231494,68,12,36,144,72,COMPLETE
744,2.7504989062452387,2023-12-07 12:55:13.521078,2023-12-07 12:55:13.758337,0 days 00:00:00.237259,32,8,40,120,68,COMPLETE
745,4.4322972054347805,2023-12-07 12:55:13.759391,2023-12-07 12:55:13.995683,0 days 00:00:00.236292,64,4,40,120,68,COMPLETE
746,4.147616299781392,2023-12-07 12:55:13.996557,2023-12-07 12:55:14.232726,0 days 00:00:00.236169,64,4,44,120,68,COMPLETE
747,3.8034332792595347,2023-12-07 12:55:14.233736,2023-12-07 12:55:14.465531,0 days 00:00:00.231795,68,8,40,120,64,COMPLETE
748,4.383801129048291,2023-12-07 12:55:14.466501,2023-12-07 12:55:14.696635,0 days 00:00:00.230134,60,4,36,120,68,COMPLETE
749,0.5079024010206562,2023-12-07 12:55:14.697620,2023-12-07 12:55:14.929944,0 days 00:00:00.232324,64,4,40,96,8,COMPLETE
750,4.029164398200101,2023-12-07 12:55:14.931136,2023-12-07 12:55:15.163226,0 days 00:00:00.232090,60,4,40,120,72,COMPLETE
751,2.5748978350654883,2023-12-07 12:55:15.164096,2023-12-07 12:55:15.402699,0 days 00:00:00.238603,72,8,44,120,68,COMPLETE
752,4.057901658315853,2023-12-07 12:55:15.403582,2023-12-07 12:55:15.637828,0 days 00:00:00.234246,64,4,40,120,64,COMPLETE
753,3.5458886503342475,2023-12-07 12:55:15.638815,2023-12-07 12:55:15.878728,0 days 00:00:00.239913,68,8,36,120,68,COMPLETE
754,4.1110970984407595,2023-12-07 12:55:15.879605,2023-12-07 12:55:16.115751,0 days 00:00:00.236146,64,4,40,120,72,COMPLETE
755,2.5803254180887363,2023-12-07 12:55:16.116703,2023-12-07 12:55:16.345258,0 days 00:00:00.228555,60,4,44,144,68,COMPLETE
756,4.4322972054347805,2023-12-07 12:55:16.346094,2023-12-07 12:55:16.578657,0 days 00:00:00.232563,64,4,40,120,68,COMPLETE
757,3.3893631007534224,2023-12-07 12:55:16.579517,2023-12-07 12:55:16.812571,0 days 00:00:00.233054,68,8,36,120,72,COMPLETE
758,2.8929019194715577,2023-12-07 12:55:16.813458,2023-12-07 12:55:17.045447,0 days 00:00:00.231989,64,4,40,96,64,COMPLETE
759,4.4322972054347805,2023-12-07 12:55:17.046356,2023-12-07 12:55:17.278438,0 days 00:00:00.232082,64,4,40,120,68,COMPLETE
760,4.147616299781392,2023-12-07 12:55:17.279307,2023-12-07 12:55:17.522815,0 days 00:00:00.243508,64,4,44,120,68,COMPLETE
761,2.864969987514946,2023-12-07 12:55:17.523723,2023-12-07 12:55:17.759806,0 days 00:00:00.236083,68,8,36,96,64,COMPLETE
762,4.424350506325201,2023-12-07 12:55:17.760999,2023-12-07 12:55:17.995736,0 days 00:00:00.234737,60,4,40,120,68,COMPLETE
763,4.4322972054347805,2023-12-07 12:55:17.996617,2023-12-07 12:55:18.227202,0 days 00:00:00.230585,64,4,40,120,68,COMPLETE
764,2.0800010872063317,2023-12-07 12:55:18.228088,2023-12-07 12:55:18.457855,0 days 00:00:00.229767,64,8,44,120,52,COMPLETE
765,0.5966354056121461,2023-12-07 12:55:18.458716,2023-12-07 12:55:18.688239,0 days 00:00:00.229523,68,40,40,144,72,COMPLETE
766,4.057901658315853,2023-12-07 12:55:18.689129,2023-12-07 12:55:18.924567,0 days 00:00:00.235438,64,4,40,120,64,COMPLETE
767,4.383801129048291,2023-12-07 12:55:18.925578,2023-12-07 12:55:19.160384,0 days 00:00:00.234806,60,4,36,120,68,COMPLETE
768,4.147616299781392,2023-12-07 12:55:19.161346,2023-12-07 12:55:19.400455,0 days 00:00:00.239109,64,4,44,120,68,COMPLETE
769,3.3467271669182987,2023-12-07 12:55:19.401381,2023-12-07 12:55:19.813612,0 days 00:00:00.412231,68,8,40,120,72,COMPLETE
770,4.391950886276888,2023-12-07 12:55:19.814884,2023-12-07 12:55:20.056994,0 days 00:00:00.242110,64,4,36,120,68,COMPLETE
771,-0.07148140289047354,2023-12-07 12:55:20.057918,2023-12-07 12:55:20.295900,0 days 00:00:00.237982,60,56,40,120,64,COMPLETE
772,4.147616299781392,2023-12-07 12:55:20.296785,2023-12-07 12:55:20.543334,0 days 00:00:00.246549,64,4,44,120,68,COMPLETE
773,4.057901658315853,2023-12-07 12:55:20.544357,2023-12-07 12:55:20.776271,0 days 00:00:00.231914,64,4,40,120,64,COMPLETE
774,0.7679887389445937,2023-12-07 12:55:20.777113,2023-12-07 12:55:21.019661,0 days 00:00:00.242548,60,4,12,120,72,COMPLETE
775,2.4274402112035447,2023-12-07 12:55:21.021060,2023-12-07 12:55:21.254727,0 days 00:00:00.233667,68,28,40,120,68,COMPLETE
776,3.4449564910552395,2023-12-07 12:55:21.255682,2023-12-07 12:55:21.489475,0 days 00:00:00.233793,64,8,40,144,68,COMPLETE
777,3.7312049941605308,2023-12-07 12:55:21.490450,2023-12-07 12:55:21.723699,0 days 00:00:00.233249,64,4,36,96,68,COMPLETE
778,3.7119483025063853,2023-12-07 12:55:21.724556,2023-12-07 12:55:21.966047,0 days 00:00:00.241491,64,8,40,120,72,COMPLETE
779,4.424350506325201,2023-12-07 12:55:21.967257,2023-12-07 12:55:22.212302,0 days 00:00:00.245045,60,4,40,120,68,COMPLETE
780,3.7719617274326795,2023-12-07 12:55:22.213187,2023-12-07 12:55:22.458494,0 days 00:00:00.245307,68,4,44,120,64,COMPLETE
781,3.306172163018995,2023-12-07 12:55:22.459746,2023-12-07 12:55:22.716366,0 days 00:00:00.256620,48,8,36,120,68,COMPLETE
782,0.6069048943353392,2023-12-07 12:55:22.717392,2023-12-07 12:55:22.953763,0 days 00:00:00.236371,64,4,64,120,40,COMPLETE
783,4.147616299781392,2023-12-07 12:55:22.954634,2023-12-07 12:55:23.198667,0 days 00:00:00.244033,64,4,44,120,68,COMPLETE
784,3.1958056821834773,2023-12-07 12:55:23.199584,2023-12-07 12:55:23.441193,0 days 00:00:00.241609,68,4,48,120,72,COMPLETE
785,3.0104712337289117,2023-12-07 12:55:23.442130,2023-12-07 12:55:23.677521,0 days 00:00:00.235391,40,8,40,120,64,COMPLETE
786,4.4322972054347805,2023-12-07 12:55:23.678414,2023-12-07 12:55:23.914681,0 days 00:00:00.236267,64,4,40,120,68,COMPLETE
787,2.6526117230985675,2023-12-07 12:55:23.915670,2023-12-07 12:55:24.148754,0 days 00:00:00.233084,60,4,36,144,68,COMPLETE
788,4.1110970984407595,2023-12-07 12:55:24.149611,2023-12-07 12:55:24.384964,0 days 00:00:00.235353,64,4,40,120,72,COMPLETE
789,2.71964828664774,2023-12-07 12:55:24.386002,2023-12-07 12:55:24.617469,0 days 00:00:00.231467,64,8,44,120,68,COMPLETE
790,1.6819178268978232,2023-12-07 12:55:24.618336,2023-12-07 12:55:24.848348,0 days 00:00:00.230012,68,4,40,96,72,COMPLETE
791,4.033008390309566,2023-12-07 12:55:24.849236,2023-12-07 12:55:25.084753,0 days 00:00:00.235517,60,4,36,120,64,COMPLETE
792,1.4702369031518894,2023-12-07 12:55:25.085637,2023-12-07 12:55:25.316534,0 days 00:00:00.230897,64,12,40,120,68,COMPLETE
793,4.0135191330815445,2023-12-07 12:55:25.317440,2023-12-07 12:55:25.550707,0 days 00:00:00.233267,64,8,40,120,68,COMPLETE
794,3.811936768578881,2023-12-07 12:55:25.551603,2023-12-07 12:55:25.784090,0 days 00:00:00.232487,68,4,44,120,68,COMPLETE
795,4.424350506325201,2023-12-07 12:55:25.784943,2023-12-07 12:55:26.016156,0 days 00:00:00.231213,60,4,40,120,68,COMPLETE
796,3.841158320506808,2023-12-07 12:55:26.017069,2023-12-07 12:55:26.248948,0 days 00:00:00.231879,64,8,36,144,64,COMPLETE
797,0.08926583136562263,2023-12-07 12:55:26.249815,2023-12-07 12:55:26.482014,0 days 00:00:00.232199,60,60,40,120,60,COMPLETE
798,4.1110970984407595,2023-12-07 12:55:26.482906,2023-12-07 12:55:26.721845,0 days 00:00:00.238939,64,4,40,120,72,COMPLETE
799,3.811936768578881,2023-12-07 12:55:26.722723,2023-12-07 12:55:26.953416,0 days 00:00:00.230693,68,4,44,120,68,COMPLETE
800,4.057901658315853,2023-12-07 12:55:26.954274,2023-12-07 12:55:27.187161,0 days 00:00:00.232887,64,4,40,120,64,COMPLETE
801,3.9608739174823087,2023-12-07 12:55:27.188061,2023-12-07 12:55:27.417829,0 days 00:00:00.229768,64,8,36,120,68,COMPLETE
802,2.5406346642971043,2023-12-07 12:55:27.418994,2023-12-07 12:55:27.652474,0 days 00:00:00.233480,64,4,40,96,72,COMPLETE
803,2.81935058975895,2023-12-07 12:55:27.653465,2023-12-07 12:55:27.889163,0 days 00:00:00.235698,64,16,44,120,68,COMPLETE
804,2.7490060255490056,2023-12-07 12:55:27.890162,2023-12-07 12:55:28.123089,0 days 00:00:00.232927,60,4,40,144,68,COMPLETE
805,2.1846443454811255,2023-12-07 12:55:28.124023,2023-12-07 12:55:28.353801,0 days 00:00:00.229778,68,4,72,120,72,COMPLETE
806,4.0135191330815445,2023-12-07 12:55:28.354695,2023-12-07 12:55:28.594052,0 days 00:00:00.239357,64,8,40,120,68,COMPLETE
807,0.814909145062317,2023-12-07 12:55:28.595017,2023-12-07 12:55:28.828135,0 days 00:00:00.233118,64,52,36,120,64,COMPLETE
808,4.09204429593979,2023-12-07 12:55:28.829054,2023-12-07 12:55:29.062014,0 days 00:00:00.232960,68,4,40,120,68,COMPLETE
809,1.4800959322504794,2023-12-07 12:55:29.062918,2023-12-07 12:55:29.295212,0 days 00:00:00.232294,60,4,44,216,68,COMPLETE
810,-0.07865985850674798,2023-12-07 12:55:29.296144,2023-12-07 12:55:29.527079,0 days 00:00:00.230935,24,8,40,120,72,COMPLETE
811,3.9700718375424495,2023-12-07 12:55:29.528189,2023-12-07 12:55:29.772645,0 days 00:00:00.244456,64,4,36,120,64,COMPLETE
812,1.4014565429769046,2023-12-07 12:55:29.773848,2023-12-07 12:55:30.018581,0 days 00:00:00.244733,20,4,40,96,68,COMPLETE
813,3.811936768578881,2023-12-07 12:55:30.019749,2023-12-07 12:55:30.264466,0 days 00:00:00.244717,68,4,44,120,68,COMPLETE
814,3.8859451537178207,2023-12-07 12:55:30.265376,2023-12-07 12:55:30.501012,0 days 00:00:00.235636,64,8,40,120,64,COMPLETE
815,4.029164398200101,2023-12-07 12:55:30.501935,2023-12-07 12:55:30.735631,0 days 00:00:00.233696,60,4,40,120,72,COMPLETE
816,3.9608739174823087,2023-12-07 12:55:30.736532,2023-12-07 12:55:30.969059,0 days 00:00:00.232527,64,8,36,120,68,COMPLETE
817,4.147616299781392,2023-12-07 12:55:30.969981,2023-12-07 12:55:31.203989,0 days 00:00:00.234008,64,4,44,120,68,COMPLETE
818,3.252300692258247,2023-12-07 12:55:31.204941,2023-12-07 12:55:31.438239,0 days 00:00:00.233298,28,4,40,120,64,COMPLETE
819,2.0547876184957934,2023-12-07 12:55:31.439154,2023-12-07 12:55:31.669761,0 days 00:00:00.230607,8,4,40,168,68,COMPLETE
820,2.686346953801498,2023-12-07 12:55:31.670643,2023-12-07 12:55:31.899554,0 days 00:00:00.228911,64,8,36,144,68,COMPLETE
821,2.393452512750868,2023-12-07 12:55:31.900467,2023-12-07 12:55:32.131435,0 days 00:00:00.230968,60,4,24,120,72,COMPLETE
822,3.8437247462516995,2023-12-07 12:55:32.132329,2023-12-07 12:55:32.365639,0 days 00:00:00.233310,64,4,44,120,64,COMPLETE
823,4.09204429593979,2023-12-07 12:55:32.366630,2023-12-07 12:55:32.606327,0 days 00:00:00.239697,68,4,40,120,68,COMPLETE
824,3.7119483025063853,2023-12-07 12:55:32.607294,2023-12-07 12:55:32.837382,0 days 00:00:00.230088,64,8,40,120,72,COMPLETE
825,2.823112572386635,2023-12-07 12:55:32.838282,2023-12-07 12:55:33.068857,0 days 00:00:00.230575,68,4,40,96,68,COMPLETE
826,4.383801129048291,2023-12-07 12:55:33.070008,2023-12-07 12:55:33.304912,0 days 00:00:00.234904,60,4,36,120,68,COMPLETE
827,4.4322972054347805,2023-12-07 12:55:33.305817,2023-12-07 12:55:33.544577,0 days 00:00:00.238760,64,4,40,120,68,COMPLETE
828,3.7719617274326795,2023-12-07 12:55:33.545479,2023-12-07 12:55:33.778920,0 days 00:00:00.233441,68,4,44,120,64,COMPLETE
829,3.7119483025063853,2023-12-07 12:55:33.779886,2023-12-07 12:55:34.010582,0 days 00:00:00.230696,64,8,40,120,72,COMPLETE
830,2.6526117230985675,2023-12-07 12:55:34.011493,2023-12-07 12:55:34.242796,0 days 00:00:00.231303,60,4,36,144,68,COMPLETE
831,3.8794652477609395,2023-12-07 12:55:34.243687,2023-12-07 12:55:34.472415,0 days 00:00:00.228728,72,8,40,120,68,COMPLETE
832,4.057901658315853,2023-12-07 12:55:34.473325,2023-12-07 12:55:34.704894,0 days 00:00:00.231569,64,4,40,120,64,COMPLETE
833,4.147616299781392,2023-12-07 12:55:34.705796,2023-12-07 12:55:34.941375,0 days 00:00:00.235579,64,4,44,120,68,COMPLETE
834,2.5406346642971043,2023-12-07 12:55:34.942322,2023-12-07 12:55:35.174072,0 days 00:00:00.231750,64,4,40,96,72,COMPLETE
835,1.8092563587880117,2023-12-07 12:55:35.174964,2023-12-07 12:55:35.407083,0 days 00:00:00.232119,64,8,8,120,68,COMPLETE
836,4.383801129048291,2023-12-07 12:55:35.408255,2023-12-07 12:55:35.641023,0 days 00:00:00.232768,60,4,36,120,68,COMPLETE
837,2.5844636699299834,2023-12-07 12:55:35.641945,2023-12-07 12:55:36.042570,0 days 00:00:00.400625,68,24,40,96,64,COMPLETE
838,1.2865921092723793,2023-12-07 12:55:36.043582,2023-12-07 12:55:36.280088,0 days 00:00:00.236506,64,4,44,192,72,COMPLETE
839,2.0722558521478374,2023-12-07 12:55:36.281052,2023-12-07 12:55:36.518551,0 days 00:00:00.237499,36,8,40,120,60,COMPLETE
840,4.424350506325201,2023-12-07 12:55:36.519489,2023-12-07 12:55:36.755595,0 days 00:00:00.236106,60,4,40,120,68,COMPLETE
841,3.9755280366551813,2023-12-07 12:55:36.756518,2023-12-07 12:55:37.003140,0 days 00:00:00.246622,68,4,36,120,68,COMPLETE
842,2.746952235160358,2023-12-07 12:55:37.004021,2023-12-07 12:55:37.245213,0 days 00:00:00.241192,64,4,40,144,68,COMPLETE
843,2.7099070962870053,2023-12-07 12:55:37.246254,2023-12-07 12:55:37.481366,0 days 00:00:00.235112,64,8,44,120,64,COMPLETE
844,4.1110970984407595,2023-12-07 12:55:37.482234,2023-12-07 12:55:37.719309,0 days 00:00:00.237075,64,4,40,120,72,COMPLETE
845,4.383801129048291,2023-12-07 12:55:37.720242,2023-12-07 12:55:37.968937,0 days 00:00:00.248695,60,4,36,120,68,COMPLETE
846,1.7911086806389782,2023-12-07 12:55:37.969876,2023-12-07 12:55:38.207484,0 days 00:00:00.237608,68,8,48,120,68,COMPLETE
847,1.2522390431650692,2023-12-07 12:55:38.208509,2023-12-07 12:55:38.459067,0 days 00:00:00.250558,16,12,20,120,64,COMPLETE
848,3.833784500393129,2023-12-07 12:55:38.460265,2023-12-07 12:55:38.721428,0 days 00:00:00.261163,64,4,44,120,72,COMPLETE
849,4.4322972054347805,2023-12-07 12:55:38.722806,2023-12-07 12:55:38.965951,0 days 00:00:00.243145,64,4,40,120,68,COMPLETE
850,4.424350506325201,2023-12-07 12:55:38.966879,2023-12-07 12:55:39.202245,0 days 00:00:00.235366,60,4,40,120,68,COMPLETE
851,2.6969994837876894,2023-12-07 12:55:39.203201,2023-12-07 12:55:39.438574,0 days 00:00:00.235373,68,8,36,144,44,COMPLETE
852,4.057901658315853,2023-12-07 12:55:39.439474,2023-12-07 12:55:39.699535,0 days 00:00:00.260061,64,4,40,120,64,COMPLETE
853,4.4322972054347805,2023-12-07 12:55:39.700633,2023-12-07 12:55:39.954906,0 days 00:00:00.254273,64,4,40,120,68,COMPLETE
854,3.3156612785106434,2023-12-07 12:55:39.955924,2023-12-07 12:55:40.196562,0 days 00:00:00.240638,44,4,44,120,72,COMPLETE
855,3.971949145677128,2023-12-07 12:55:40.197572,2023-12-07 12:55:40.446153,0 days 00:00:00.248581,60,8,40,120,68,COMPLETE
856,3.9700718375424495,2023-12-07 12:55:40.447031,2023-12-07 12:55:40.686266,0 days 00:00:00.239235,64,4,36,120,64,COMPLETE
857,4.0135191330815445,2023-12-07 12:55:40.687174,2023-12-07 12:55:40.925609,0 days 00:00:00.238435,64,8,40,120,68,COMPLETE
858,1.6819178268978232,2023-12-07 12:55:40.926722,2023-12-07 12:55:41.167724,0 days 00:00:00.241002,68,4,40,96,72,COMPLETE
859,4.147616299781392,2023-12-07 12:55:41.168640,2023-12-07 12:55:41.406465,0 days 00:00:00.237825,64,4,44,120,68,COMPLETE
860,1.0460606052164267,2023-12-07 12:55:41.407467,2023-12-07 12:55:41.657256,0 days 00:00:00.249789,64,36,36,120,68,COMPLETE
861,4.1198833231230045,2023-12-07 12:55:41.658302,2023-12-07 12:55:41.895310,0 days 00:00:00.237008,60,4,40,120,64,COMPLETE
862,2.2706322208536402,2023-12-07 12:55:41.896418,2023-12-07 12:55:42.133304,0 days 00:00:00.236886,68,8,44,120,68,COMPLETE
863,2.1685717541518033,2023-12-07 12:55:42.134225,2023-12-07 12:55:42.372540,0 days 00:00:00.238315,64,4,40,144,72,COMPLETE
864,4.4322972054347805,2023-12-07 12:55:42.373422,2023-12-07 12:55:42.616584,0 days 00:00:00.243162,64,4,40,120,68,COMPLETE
865,3.8777807637331483,2023-12-07 12:55:42.617584,2023-12-07 12:55:42.859537,0 days 00:00:00.241953,60,8,36,120,64,COMPLETE
866,4.09204429593979,2023-12-07 12:55:42.860561,2023-12-07 12:55:43.105848,0 days 00:00:00.245287,68,4,40,120,68,COMPLETE
867,2.5406346642971043,2023-12-07 12:55:43.106804,2023-12-07 12:55:43.350572,0 days 00:00:00.243768,64,4,40,96,72,COMPLETE
868,4.147616299781392,2023-12-07 12:55:43.351564,2023-12-07 12:55:43.606297,0 days 00:00:00.254733,64,4,44,120,68,COMPLETE
869,4.0135191330815445,2023-12-07 12:55:43.607313,2023-12-07 12:55:43.842352,0 days 00:00:00.235039,64,8,40,120,68,COMPLETE
870,4.391950886276888,2023-12-07 12:55:43.843222,2023-12-07 12:55:44.082730,0 days 00:00:00.239508,64,4,36,120,68,COMPLETE
871,1.9072560551849786,2023-12-07 12:55:44.083685,2023-12-07 12:55:44.326412,0 days 00:00:00.242727,68,20,40,120,72,COMPLETE
872,3.871125331955211,2023-12-07 12:55:44.327418,2023-12-07 12:55:44.571273,0 days 00:00:00.243855,60,4,44,120,64,COMPLETE
873,4.057901658315853,2023-12-07 12:55:44.572212,2023-12-07 12:55:44.808777,0 days 00:00:00.236565,64,4,40,120,64,COMPLETE
874,2.391612092532255,2023-12-07 12:55:44.809708,2023-12-07 12:55:45.050848,0 days 00:00:00.241140,60,8,36,144,36,COMPLETE
875,4.09204429593979,2023-12-07 12:55:45.051750,2023-12-07 12:55:45.287386,0 days 00:00:00.235636,68,4,40,120,68,COMPLETE
876,4.4322972054347805,2023-12-07 12:55:45.288290,2023-12-07 12:55:45.530456,0 days 00:00:00.242166,64,4,40,120,68,COMPLETE
877,4.4322972054347805,2023-12-07 12:55:45.531591,2023-12-07 12:55:45.773835,0 days 00:00:00.242244,64,4,40,120,68,COMPLETE
878,1.0343399181192645,2023-12-07 12:55:45.774992,2023-12-07 12:55:46.018638,0 days 00:00:00.243646,64,8,44,96,72,COMPLETE
879,3.9755280366551813,2023-12-07 12:55:46.019563,2023-12-07 12:55:46.256962,0 days 00:00:00.237399,68,4,36,120,68,COMPLETE
880,2.72937448218161,2023-12-07 12:55:46.257855,2023-12-07 12:55:46.495727,0 days 00:00:00.237872,60,8,44,120,64,COMPLETE
