number,value,datetime_start,datetime_complete,duration,params_BBand_window,params_OI_window_MA_f,params_OI_window_MA_s,params_RV_period,params_RV_window,state
529,4.4322972054347805,2023-12-07 12:54:21.687854,2023-12-07 12:54:21.916822,0 days 00:00:00.228968,64,4,40,120,68,COMPLETE
530,2.71964828664774,2023-12-07 12:54:21.917697,2023-12-07 12:54:22.145266,0 days 00:00:00.227569,64,8,44,120,68,COMPLETE
531,3.150548755185295,2023-12-07 12:54:22.146274,2023-12-07 12:54:22.373971,0 days 00:00:00.227697,68,4,40,48,64,COMPLETE
532,2.2095436324754956,2023-12-07 12:54:22.374814,2023-12-07 12:54:22.602505,0 days 00:00:00.227691,60,8,40,144,72,COMPLETE
533,4.4322972054347805,2023-12-07 12:54:22.603355,2023-12-07 12:54:22.829945,0 days 00:00:00.226590,64,4,40,120,68,COMPLETE
534,2.5963501725446614,2023-12-07 12:54:22.831087,2023-12-07 12:54:23.059363,0 days 00:00:00.228276,68,4,44,120,60,COMPLETE
535,4.391950886276888,2023-12-07 12:54:23.060247,2023-12-07 12:54:23.293262,0 days 00:00:00.233015,64,4,36,120,68,COMPLETE
536,4.4322972054347805,2023-12-07 12:54:23.294214,2023-12-07 12:54:23.526577,0 days 00:00:00.232363,64,4,40,120,68,COMPLETE
537,2.001792525485173,2023-12-07 12:54:23.527446,2023-12-07 12:54:23.764640,0 days 00:00:00.237194,68,8,40,120,28,COMPLETE
538,3.950289051604482,2023-12-07 12:54:23.765686,2023-12-07 12:54:24.000969,0 days 00:00:00.235283,60,4,36,120,72,COMPLETE
539,4.4322972054347805,2023-12-07 12:54:24.001895,2023-12-07 12:54:24.232614,0 days 00:00:00.230719,64,4,40,120,68,COMPLETE
540,3.8437247462516995,2023-12-07 12:54:24.233425,2023-12-07 12:54:24.454602,0 days 00:00:00.221177,64,4,44,120,64,COMPLETE
541,4.0135191330815445,2023-12-07 12:54:24.455425,2023-12-07 12:54:24.674827,0 days 00:00:00.219402,64,8,40,120,68,COMPLETE
542,2.3943936466417806,2023-12-07 12:54:24.675667,2023-12-07 12:54:24.903756,0 days 00:00:00.228089,68,4,40,144,68,COMPLETE
543,0.8935123918521695,2023-12-07 12:54:24.904569,2023-12-07 12:54:25.122957,0 days 00:00:00.218388,24,4,36,120,72,COMPLETE
544,0.872946778947983,2023-12-07 12:54:25.123753,2023-12-07 12:54:25.344112,0 days 00:00:00.220359,60,52,40,120,64,COMPLETE
545,2.71964828664774,2023-12-07 12:54:25.344966,2023-12-07 12:54:25.577765,0 days 00:00:00.232799,64,8,44,120,68,COMPLETE
546,3.9700718375424495,2023-12-07 12:54:25.578558,2023-12-07 12:54:25.797678,0 days 00:00:00.219120,64,4,36,120,64,COMPLETE
547,1.4331937402341008,2023-12-07 12:54:25.798490,2023-12-07 12:54:26.019110,0 days 00:00:00.220620,68,44,40,120,68,COMPLETE
548,4.140668817167323,2023-12-07 12:54:26.019934,2023-12-07 12:54:26.242545,0 days 00:00:00.222611,60,4,44,120,68,COMPLETE
549,3.7119483025063853,2023-12-07 12:54:26.243384,2023-12-07 12:54:26.463617,0 days 00:00:00.220233,64,8,40,120,72,COMPLETE
550,4.4322972054347805,2023-12-07 12:54:26.464438,2023-12-07 12:54:26.683779,0 days 00:00:00.219341,64,4,40,120,68,COMPLETE
551,3.950289051604482,2023-12-07 12:54:26.684574,2023-12-07 12:54:26.905189,0 days 00:00:00.220615,60,4,36,120,72,COMPLETE
552,1.2558740367829555,2023-12-07 12:54:26.906031,2023-12-07 12:54:27.124464,0 days 00:00:00.218433,64,12,40,144,68,COMPLETE
553,3.7719617274326795,2023-12-07 12:54:27.125273,2023-12-07 12:54:27.343594,0 days 00:00:00.218321,68,4,44,120,64,COMPLETE
554,4.4322972054347805,2023-12-07 12:54:27.344405,2023-12-07 12:54:27.565864,0 days 00:00:00.221459,64,4,40,120,68,COMPLETE
555,4.0135191330815445,2023-12-07 12:54:27.566714,2023-12-07 12:54:27.788316,0 days 00:00:00.221602,64,8,40,120,68,COMPLETE
556,3.950289051604482,2023-12-07 12:54:27.789131,2023-12-07 12:54:28.007153,0 days 00:00:00.218022,60,4,36,120,72,COMPLETE
557,3.811936768578881,2023-12-07 12:54:28.007975,2023-12-07 12:54:28.226931,0 days 00:00:00.218956,68,4,44,120,68,COMPLETE
558,4.057901658315853,2023-12-07 12:54:28.227738,2023-12-07 12:54:28.446777,0 days 00:00:00.219039,64,4,40,120,64,COMPLETE
559,3.202963850550514,2023-12-07 12:54:28.447589,2023-12-07 12:54:28.665984,0 days 00:00:00.218395,48,8,40,120,68,COMPLETE
560,4.4322972054347805,2023-12-07 12:54:28.666808,2023-12-07 12:54:28.891762,0 days 00:00:00.224954,64,4,40,120,68,COMPLETE
561,1.9109840090120667,2023-12-07 12:54:28.892602,2023-12-07 12:54:29.120884,0 days 00:00:00.228282,64,8,36,144,72,COMPLETE
562,-0.22828868996159873,2023-12-07 12:54:29.121688,2023-12-07 12:54:29.340381,0 days 00:00:00.218693,60,60,44,120,64,COMPLETE
563,1.9529489003509506,2023-12-07 12:54:29.341199,2023-12-07 12:54:29.570203,0 days 00:00:00.229004,64,16,40,120,68,COMPLETE
564,0.22068308453363425,2023-12-07 12:54:29.571188,2023-12-07 12:54:29.793145,0 days 00:00:00.221957,12,4,40,120,68,COMPLETE
565,3.251356835348992,2023-12-07 12:54:29.793990,2023-12-07 12:54:30.021116,0 days 00:00:00.227126,68,4,36,120,64,COMPLETE
566,3.364669803919038,2023-12-07 12:54:30.022156,2023-12-07 12:54:30.433527,0 days 00:00:00.411371,64,8,40,120,52,COMPLETE
567,4.140668817167323,2023-12-07 12:54:30.434491,2023-12-07 12:54:30.676018,0 days 00:00:00.241527,60,4,44,120,68,COMPLETE
568,4.1110970984407595,2023-12-07 12:54:30.676867,2023-12-07 12:54:30.906430,0 days 00:00:00.229563,64,4,40,120,72,COMPLETE
569,2.9413467827798487,2023-12-07 12:54:30.907455,2023-12-07 12:54:31.145806,0 days 00:00:00.238351,68,4,36,120,56,COMPLETE
570,4.4322972054347805,2023-12-07 12:54:31.146635,2023-12-07 12:54:31.404311,0 days 00:00:00.257676,64,4,40,120,68,COMPLETE
571,2.228184792198214,2023-12-07 12:54:31.405447,2023-12-07 12:54:31.656655,0 days 00:00:00.251208,72,8,44,120,72,COMPLETE
572,4.4322972054347805,2023-12-07 12:54:31.657913,2023-12-07 12:54:31.906845,0 days 00:00:00.248932,64,4,40,120,68,COMPLETE
573,4.424350506325201,2023-12-07 12:54:31.907796,2023-12-07 12:54:32.148905,0 days 00:00:00.241109,60,4,40,120,68,COMPLETE
574,3.841158320506808,2023-12-07 12:54:32.149814,2023-12-07 12:54:32.383519,0 days 00:00:00.233705,64,8,36,144,64,COMPLETE
575,4.09204429593979,2023-12-07 12:54:32.384372,2023-12-07 12:54:32.634367,0 days 00:00:00.249995,68,4,40,120,68,COMPLETE
576,3.833784500393129,2023-12-07 12:54:32.637993,2023-12-07 12:54:32.895601,0 days 00:00:00.257608,64,4,44,120,72,COMPLETE
577,3.971949145677128,2023-12-07 12:54:32.896595,2023-12-07 12:54:33.150172,0 days 00:00:00.253577,60,8,40,120,68,COMPLETE
578,3.9700718375424495,2023-12-07 12:54:33.151320,2023-12-07 12:54:33.394980,0 days 00:00:00.243660,64,4,36,120,64,COMPLETE
579,1.9903475891152458,2023-12-07 12:54:33.395999,2023-12-07 12:54:33.648095,0 days 00:00:00.252096,68,8,44,120,72,COMPLETE
580,4.057901658315853,2023-12-07 12:54:33.649015,2023-12-07 12:54:33.896219,0 days 00:00:00.247204,64,4,40,120,64,COMPLETE
581,4.424350506325201,2023-12-07 12:54:33.897191,2023-12-07 12:54:34.148046,0 days 00:00:00.250855,60,4,40,120,68,COMPLETE
582,2.746952235160358,2023-12-07 12:54:34.148944,2023-12-07 12:54:34.395303,0 days 00:00:00.246359,64,4,40,144,68,COMPLETE
583,2.9024714206125988,2023-12-07 12:54:34.396770,2023-12-07 12:54:34.659971,0 days 00:00:00.263201,64,4,64,120,64,COMPLETE
584,3.0441842015327882,2023-12-07 12:54:34.661129,2023-12-07 12:54:34.911042,0 days 00:00:00.249913,40,8,36,120,68,COMPLETE
585,3.811936768578881,2023-12-07 12:54:34.911991,2023-12-07 12:54:35.159648,0 days 00:00:00.247657,68,4,44,120,68,COMPLETE
586,4.4322972054347805,2023-12-07 12:54:35.160709,2023-12-07 12:54:35.412327,0 days 00:00:00.251618,64,4,40,120,68,COMPLETE
587,0.8753567212290333,2023-12-07 12:54:35.413251,2023-12-07 12:54:35.658589,0 days 00:00:00.245338,60,8,40,120,16,COMPLETE
588,3.731209226530388,2023-12-07 12:54:35.659653,2023-12-07 12:54:35.907309,0 days 00:00:00.247656,68,4,40,120,72,COMPLETE
589,4.391950886276888,2023-12-07 12:54:35.908313,2023-12-07 12:54:36.155930,0 days 00:00:00.247617,64,4,36,120,68,COMPLETE
590,4.057901658315853,2023-12-07 12:54:36.156992,2023-12-07 12:54:36.392867,0 days 00:00:00.235875,64,4,40,120,64,COMPLETE
591,2.4644576458190466,2023-12-07 12:54:36.393686,2023-12-07 12:54:36.632025,0 days 00:00:00.238339,64,8,68,120,72,COMPLETE
592,1.1530517436584056,2023-12-07 12:54:36.632924,2023-12-07 12:54:36.872272,0 days 00:00:00.239348,60,4,20,120,68,COMPLETE
593,2.577647161191232,2023-12-07 12:54:36.873153,2023-12-07 12:54:37.106488,0 days 00:00:00.233335,64,4,44,144,68,COMPLETE
594,3.251356835348992,2023-12-07 12:54:37.107618,2023-12-07 12:54:37.360333,0 days 00:00:00.252715,68,4,36,120,64,COMPLETE
595,4.0135191330815445,2023-12-07 12:54:37.361472,2023-12-07 12:54:37.605281,0 days 00:00:00.243809,64,8,40,120,68,COMPLETE
596,3.5995209902524268,2023-12-07 12:54:37.606189,2023-12-07 12:54:37.837809,0 days 00:00:00.231620,68,4,48,120,68,COMPLETE
597,4.029164398200101,2023-12-07 12:54:37.838728,2023-12-07 12:54:38.067782,0 days 00:00:00.229054,60,4,40,120,72,COMPLETE
598,2.3432312715430172,2023-12-07 12:54:38.068613,2023-12-07 12:54:38.308963,0 days 00:00:00.240350,64,8,40,120,60,COMPLETE
599,3.6356146104430023,2023-12-07 12:54:38.309874,2023-12-07 12:54:38.553624,0 days 00:00:00.243750,36,4,44,144,68,COMPLETE
600,4.424350506325201,2023-12-07 12:54:38.554623,2023-12-07 12:54:38.827716,0 days 00:00:00.273093,60,4,40,120,68,COMPLETE
601,4.057901658315853,2023-12-07 12:54:38.828873,2023-12-07 12:54:39.077281,0 days 00:00:00.248408,64,4,40,120,64,COMPLETE
602,3.5458886503342475,2023-12-07 12:54:39.078350,2023-12-07 12:54:39.321410,0 days 00:00:00.243060,68,8,36,120,68,COMPLETE
603,3.3156612785106434,2023-12-07 12:54:39.322448,2023-12-07 12:54:39.561889,0 days 00:00:00.239441,44,4,44,120,72,COMPLETE
604,4.4322972054347805,2023-12-07 12:54:39.562830,2023-12-07 12:54:39.797797,0 days 00:00:00.234967,64,4,40,120,68,COMPLETE
605,3.9608739174823087,2023-12-07 12:54:39.798721,2023-12-07 12:54:40.036912,0 days 00:00:00.238191,64,8,36,120,68,COMPLETE
606,4.057901658315853,2023-12-07 12:54:40.037825,2023-12-07 12:54:40.282908,0 days 00:00:00.245083,64,4,40,120,64,COMPLETE
607,0.22267630672963612,2023-12-07 12:54:40.283855,2023-12-07 12:54:40.521436,0 days 00:00:00.237581,60,4,12,96,72,COMPLETE
608,3.6093542263733425,2023-12-07 12:54:40.522624,2023-12-07 12:54:40.751565,0 days 00:00:00.228941,68,8,40,120,68,COMPLETE
609,3.5932581631861957,2023-12-07 12:54:40.752483,2023-12-07 12:54:40.997150,0 days 00:00:00.244667,64,4,48,120,72,COMPLETE
610,4.147616299781392,2023-12-07 12:54:40.998076,2023-12-07 12:54:41.228551,0 days 00:00:00.230475,64,4,44,120,68,COMPLETE
611,3.8034332792595347,2023-12-07 12:54:41.229427,2023-12-07 12:54:41.461963,0 days 00:00:00.232536,68,8,40,120,64,COMPLETE
612,2.650334796290164,2023-12-07 12:54:41.462856,2023-12-07 12:54:41.688346,0 days 00:00:00.225490,64,4,36,144,68,COMPLETE
613,2.2240326825149572,2023-12-07 12:54:41.689187,2023-12-07 12:54:41.915632,0 days 00:00:00.226445,60,4,44,120,48,COMPLETE
614,4.4322972054347805,2023-12-07 12:54:41.916515,2023-12-07 12:54:42.147346,0 days 00:00:00.230831,64,4,40,120,68,COMPLETE
615,-0.6763695450589693,2023-12-07 12:54:42.148211,2023-12-07 12:54:42.378739,0 days 00:00:00.230528,64,4,40,96,12,COMPLETE
616,3.6659623487948947,2023-12-07 12:54:42.379589,2023-12-07 12:54:42.610450,0 days 00:00:00.230861,68,8,36,120,64,COMPLETE
617,2.6395693954056,2023-12-07 12:54:42.611423,2023-12-07 12:54:42.845143,0 days 00:00:00.233720,64,28,40,120,68,COMPLETE
618,4.029164398200101,2023-12-07 12:54:42.846236,2023-12-07 12:54:43.083468,0 days 00:00:00.237232,60,4,40,120,72,COMPLETE
619,1.3362675913246058,2023-12-07 12:54:43.084554,2023-12-07 12:54:43.334788,0 days 00:00:00.250234,64,12,44,120,68,COMPLETE
620,4.029164398200101,2023-12-07 12:54:43.335852,2023-12-07 12:54:43.578969,0 days 00:00:00.243117,60,4,40,120,72,COMPLETE
621,2.2148359938753877,2023-12-07 12:54:43.579943,2023-12-07 12:54:43.824923,0 days 00:00:00.244980,68,4,36,144,68,COMPLETE
622,3.8859451537178207,2023-12-07 12:54:43.826157,2023-12-07 12:54:44.073356,0 days 00:00:00.247199,64,8,40,120,64,COMPLETE
623,4.147616299781392,2023-12-07 12:54:44.074527,2023-12-07 12:54:44.315214,0 days 00:00:00.240687,64,4,44,120,68,COMPLETE
624,4.4322972054347805,2023-12-07 12:54:44.316432,2023-12-07 12:54:44.558725,0 days 00:00:00.242293,64,4,40,120,68,COMPLETE
625,3.8777807637331483,2023-12-07 12:54:44.559891,2023-12-07 12:54:44.786937,0 days 00:00:00.227046,60,8,36,120,64,COMPLETE
626,3.731209226530388,2023-12-07 12:54:44.787802,2023-12-07 12:54:45.016777,0 days 00:00:00.228975,68,4,40,120,72,COMPLETE
627,3.7965564963625784,2023-12-07 12:54:45.018051,2023-12-07 12:54:45.252061,0 days 00:00:00.234010,64,4,40,96,68,COMPLETE
628,2.71964828664774,2023-12-07 12:54:45.252916,2023-12-07 12:54:45.496510,0 days 00:00:00.243594,64,8,44,120,68,COMPLETE
629,4.4322972054347805,2023-12-07 12:54:45.497630,2023-12-07 12:54:45.746077,0 days 00:00:00.248447,64,4,40,120,68,COMPLETE
630,3.594832653791697,2023-12-07 12:54:45.747081,2023-12-07 12:54:45.995935,0 days 00:00:00.248854,28,4,36,144,64,COMPLETE
631,3.623591742238158,2023-12-07 12:54:45.997043,2023-12-07 12:54:46.241510,0 days 00:00:00.244467,60,8,40,120,72,COMPLETE
632,4.4322972054347805,2023-12-07 12:54:46.242585,2023-12-07 12:54:46.661326,0 days 00:00:00.418741,64,4,40,120,68,COMPLETE
633,3.7719617274326795,2023-12-07 12:54:46.662251,2023-12-07 12:54:46.897888,0 days 00:00:00.235637,68,4,44,120,64,COMPLETE
634,4.391950886276888,2023-12-07 12:54:46.898802,2023-12-07 12:54:47.129229,0 days 00:00:00.230427,64,4,36,120,68,COMPLETE
635,3.3467271669182987,2023-12-07 12:54:47.130150,2023-12-07 12:54:47.372528,0 days 00:00:00.242378,68,8,40,120,72,COMPLETE
636,4.064303975328729,2023-12-07 12:54:47.373447,2023-12-07 12:54:47.613756,0 days 00:00:00.240309,60,4,44,96,68,COMPLETE
637,4.391950886276888,2023-12-07 12:54:47.614688,2023-12-07 12:54:47.853409,0 days 00:00:00.238721,64,4,36,120,68,COMPLETE
638,4.4322972054347805,2023-12-07 12:54:47.854452,2023-12-07 12:54:48.089272,0 days 00:00:00.234820,64,4,40,120,68,COMPLETE
639,1.4377357118737437,2023-12-07 12:54:48.090183,2023-12-07 12:54:48.324428,0 days 00:00:00.234245,64,32,40,120,40,COMPLETE
640,3.8034332792595347,2023-12-07 12:54:48.325299,2023-12-07 12:54:48.550596,0 days 00:00:00.225297,68,8,40,120,64,COMPLETE
641,4.029164398200101,2023-12-07 12:54:48.551406,2023-12-07 12:54:48.777589,0 days 00:00:00.226183,60,4,40,120,72,COMPLETE
642,4.2600713381239865,2023-12-07 12:54:48.778525,2023-12-07 12:54:49.006761,0 days 00:00:00.228236,72,4,44,120,68,COMPLETE
643,3.072455962408517,2023-12-07 12:54:49.007617,2023-12-07 12:54:49.235311,0 days 00:00:00.227694,64,8,40,144,36,COMPLETE
644,4.391950886276888,2023-12-07 12:54:49.236162,2023-12-07 12:54:49.469934,0 days 00:00:00.233772,64,4,36,120,68,COMPLETE
645,2.6196541468331866,2023-12-07 12:54:49.470868,2023-12-07 12:54:49.709869,0 days 00:00:00.239001,60,4,44,216,64,COMPLETE
646,2.5406346642971043,2023-12-07 12:54:49.710717,2023-12-07 12:54:49.944888,0 days 00:00:00.234171,64,4,40,96,72,COMPLETE
647,4.0135191330815445,2023-12-07 12:54:49.945894,2023-12-07 12:54:50.210446,0 days 00:00:00.264552,64,8,40,120,68,COMPLETE
648,2.6032239200006497,2023-12-07 12:54:50.211443,2023-12-07 12:54:50.511247,0 days 00:00:00.299804,68,4,36,120,60,COMPLETE
649,4.4322972054347805,2023-12-07 12:54:50.512280,2023-12-07 12:54:50.773077,0 days 00:00:00.260797,64,4,40,120,68,COMPLETE
650,3.971949145677128,2023-12-07 12:54:50.774117,2023-12-07 12:54:51.009480,0 days 00:00:00.235363,60,8,40,120,68,COMPLETE
651,3.8437247462516995,2023-12-07 12:54:51.010332,2023-12-07 12:54:51.236333,0 days 00:00:00.226001,64,4,44,120,64,COMPLETE
652,1.8401907078071158,2023-12-07 12:54:51.237160,2023-12-07 12:54:51.466019,0 days 00:00:00.228859,68,4,40,144,72,COMPLETE
653,4.391950886276888,2023-12-07 12:54:51.466885,2023-12-07 12:54:51.699309,0 days 00:00:00.232424,64,4,36,120,68,COMPLETE
654,4.057901658315853,2023-12-07 12:54:51.700163,2023-12-07 12:54:51.929286,0 days 00:00:00.229123,64,4,40,120,64,COMPLETE
655,1.968421122328433,2023-12-07 12:54:51.930183,2023-12-07 12:54:52.161606,0 days 00:00:00.231423,60,8,44,168,68,COMPLETE
656,3.424740212482573,2023-12-07 12:54:52.162766,2023-12-07 12:54:52.432104,0 days 00:00:00.269338,68,8,40,96,68,COMPLETE
657,4.391950886276888,2023-12-07 12:54:52.433051,2023-12-07 12:54:52.702429,0 days 00:00:00.269378,64,4,36,120,68,COMPLETE
658,0.14040262362189806,2023-12-07 12:54:52.703639,2023-12-07 12:54:52.975972,0 days 00:00:00.272333,20,4,40,120,72,COMPLETE
659,4.147616299781392,2023-12-07 12:54:52.976992,2023-12-07 12:54:53.240123,0 days 00:00:00.263131,64,4,44,120,68,COMPLETE
660,4.424350506325201,2023-12-07 12:54:53.242007,2023-12-07 12:54:53.546944,0 days 00:00:00.304937,60,4,40,120,68,COMPLETE
661,3.7633030115896853,2023-12-07 12:54:53.548112,2023-12-07 12:54:53.800747,0 days 00:00:00.252635,64,8,36,120,72,COMPLETE
662,3.3499515530652992,2023-12-07 12:54:53.801752,2023-12-07 12:54:54.048403,0 days 00:00:00.246651,68,4,40,120,64,COMPLETE
663,2.966908785027821,2023-12-07 12:54:54.049487,2023-12-07 12:54:54.282508,0 days 00:00:00.233021,64,4,40,192,68,COMPLETE
664,-0.07181561613677451,2023-12-07 12:54:54.283434,2023-12-07 12:54:54.517563,0 days 00:00:00.234129,60,72,44,120,64,COMPLETE
665,2.9848480917625198,2023-12-07 12:54:54.518530,2023-12-07 12:54:54.747541,0 days 00:00:00.229011,68,8,40,120,44,COMPLETE
666,2.1848951200440556,2023-12-07 12:54:54.748379,2023-12-07 12:54:54.977504,0 days 00:00:00.229125,64,4,36,144,72,COMPLETE
667,4.4322972054347805,2023-12-07 12:54:54.978347,2023-12-07 12:54:55.221642,0 days 00:00:00.243295,64,4,40,120,68,COMPLETE
668,4.0135191330815445,2023-12-07 12:54:55.222592,2023-12-07 12:54:55.465626,0 days 00:00:00.243034,64,8,40,120,68,COMPLETE
669,3.811936768578881,2023-12-07 12:54:55.466602,2023-12-07 12:54:55.710748,0 days 00:00:00.244146,68,4,44,120,68,COMPLETE
670,4.1198833231230045,2023-12-07 12:54:55.711800,2023-12-07 12:54:55.972405,0 days 00:00:00.260605,60,4,40,120,64,COMPLETE
671,2.852418526048125,2023-12-07 12:54:55.973290,2023-12-07 12:54:56.225567,0 days 00:00:00.252277,64,4,52,120,72,COMPLETE
672,3.3482679503157438,2023-12-07 12:54:56.226478,2023-12-07 12:54:56.467505,0 days 00:00:00.241027,68,12,36,96,68,COMPLETE
673,4.147616299781392,2023-12-07 12:54:56.468448,2023-12-07 12:54:56.714811,0 days 00:00:00.246363,64,4,44,120,68,COMPLETE
674,3.454043673202091,2023-12-07 12:54:56.715792,2023-12-07 12:54:56.955480,0 days 00:00:00.239688,64,24,40,120,68,COMPLETE
675,3.89399448603263,2023-12-07 12:54:56.956514,2023-12-07 12:54:57.195559,0 days 00:00:00.239045,60,8,36,144,64,COMPLETE
676,0.7628069948179259,2023-12-07 12:54:57.196517,2023-12-07 12:54:57.439569,0 days 00:00:00.243052,64,36,40,120,72,COMPLETE
677,2.8331674258844477,2023-12-07 12:54:57.440620,2023-12-07 12:54:57.685839,0 days 00:00:00.245219,64,4,40,24,68,COMPLETE
678,3.811936768578881,2023-12-07 12:54:57.686815,2023-12-07 12:54:57.930352,0 days 00:00:00.243537,68,4,44,120,68,COMPLETE
679,3.7457249278899445,2023-12-07 12:54:57.931340,2023-12-07 12:54:58.168706,0 days 00:00:00.237366,60,8,40,96,64,COMPLETE
680,0.7157857838459443,2023-12-07 12:54:58.169567,2023-12-07 12:54:58.405667,0 days 00:00:00.236100,64,68,36,120,72,COMPLETE
681,1.5017886700203824,2023-12-07 12:54:58.406578,2023-12-07 12:54:58.642534,0 days 00:00:00.235956,64,48,40,120,68,COMPLETE
682,4.147616299781392,2023-12-07 12:54:58.643478,2023-12-07 12:54:58.873442,0 days 00:00:00.229964,64,4,44,120,68,COMPLETE
683,4.1198833231230045,2023-12-07 12:54:58.874313,2023-12-07 12:54:59.115110,0 days 00:00:00.240797,60,4,40,120,64,COMPLETE
684,3.3467271669182987,2023-12-07 12:54:59.116074,2023-12-07 12:54:59.349234,0 days 00:00:00.233160,68,8,40,120,72,COMPLETE
685,4.391950886276888,2023-12-07 12:54:59.350099,2023-12-07 12:54:59.591339,0 days 00:00:00.241240,64,4,36,120,68,COMPLETE
686,2.746952235160358,2023-12-07 12:54:59.592324,2023-12-07 12:54:59.830549,0 days 00:00:00.238225,64,4,40,144,68,COMPLETE
687,3.811936768578881,2023-12-07 12:54:59.831449,2023-12-07 12:55:00.071929,0 days 00:00:00.240480,68,4,44,120,68,COMPLETE
688,3.623591742238158,2023-12-07 12:55:00.072878,2023-12-07 12:55:00.306391,0 days 00:00:00.233513,60,8,40,120,72,COMPLETE
689,2.8929019194715577,2023-12-07 12:55:00.307401,2023-12-07 12:55:00.550128,0 days 00:00:00.242727,64,4,40,96,64,COMPLETE
690,3.0045260397989266,2023-12-07 12:55:00.551171,2023-12-07 12:55:00.785363,0 days 00:00:00.234192,64,20,36,120,68,COMPLETE
691,4.4322972054347805,2023-12-07 12:55:00.786267,2023-12-07 12:55:01.019088,0 days 00:00:00.232821,64,4,40,120,68,COMPLETE
692,3.3467271669182987,2023-12-07 12:55:01.020198,2023-12-07 12:55:01.254617,0 days 00:00:00.234419,68,8,40,120,72,COMPLETE
693,3.871125331955211,2023-12-07 12:55:01.255524,2023-12-07 12:55:01.499574,0 days 00:00:00.244050,60,4,44,120,64,COMPLETE
694,1.5962270378989691,2023-12-07 12:55:01.500530,2023-12-07 12:55:01.739098,0 days 00:00:00.238568,64,44,40,120,68,COMPLETE
695,4.391950886276888,2023-12-07 12:55:01.740183,2023-12-07 12:55:01.980904,0 days 00:00:00.240721,64,4,36,120,68,COMPLETE
696,3.1969994812588167,2023-12-07 12:55:01.981783,2023-12-07 12:55:02.215804,0 days 00:00:00.234021,60,32,16,120,64,COMPLETE
697,3.811936768578881,2023-12-07 12:55:02.216708,2023-12-07 12:55:02.447919,0 days 00:00:00.231211,68,4,44,120,68,COMPLETE
698,3.7119483025063853,2023-12-07 12:55:02.448816,2023-12-07 12:55:02.680285,0 days 00:00:00.231469,64,8,40,120,72,COMPLETE
699,0.0,2023-12-07 12:55:02.681282,2023-12-07 12:55:02.916805,0 days 00:00:00.235523,4,4,40,144,68,COMPLETE
700,4.391950886276888,2023-12-07 12:55:02.917951,2023-12-07 12:55:03.323201,0 days 00:00:00.405250,64,4,36,120,68,COMPLETE
701,4.140668817167323,2023-12-07 12:55:03.324180,2023-12-07 12:55:03.558764,0 days 00:00:00.234584,60,4,44,120,68,COMPLETE
702,3.8034332792595347,2023-12-07 12:55:03.559815,2023-12-07 12:55:03.795599,0 days 00:00:00.235784,68,8,40,120,64,COMPLETE
703,4.1110970984407595,2023-12-07 12:55:03.796495,2023-12-07 12:55:04.036490,0 days 00:00:00.239995,64,4,40,120,72,COMPLETE
704,3.9608739174823087,2023-12-07 12:55:04.037373,2023-12-07 12:55:04.279057,0 days 00:00:00.241684,64,8,36,120,68,COMPLETE
