number,value,datetime_start,datetime_complete,duration,params_BBand_window,params_OI_window_MA_f,params_OI_window_MA_s,params_RV_period,params_RV_window,state
881,4.4322972054347805,2023-12-07 12:55:46.497015,2023-12-07 12:55:46.747182,0 days 00:00:00.250167,64,4,40,120,68,COMPLETE
882,2.1859669748568993,2023-12-07 12:55:46.748107,2023-12-07 12:55:47.006784,0 days 00:00:00.258677,64,4,40,120,12,COMPLETE
883,2.203695485794825,2023-12-07 12:55:47.007821,2023-12-07 12:55:47.260142,0 days 00:00:00.252321,60,4,36,144,72,COMPLETE
884,-1.073391585826789,2023-12-07 12:55:47.261352,2023-12-07 12:55:47.519392,0 days 00:00:00.258040,64,16,40,24,16,COMPLETE
885,2.7466815404577702,2023-12-07 12:55:47.520502,2023-12-07 12:55:47.763953,0 days 00:00:00.243451,68,8,40,120,32,COMPLETE
886,4.140668817167323,2023-12-07 12:55:47.764863,2023-12-07 12:55:48.005481,0 days 00:00:00.240618,60,4,44,120,68,COMPLETE
887,4.4322972054347805,2023-12-07 12:55:48.006401,2023-12-07 12:55:48.260352,0 days 00:00:00.253951,64,4,40,120,68,COMPLETE
888,3.7523122511961016,2023-12-07 12:55:48.261815,2023-12-07 12:55:48.515108,0 days 00:00:00.253293,64,8,36,120,64,COMPLETE
889,3.5124894027010454,2023-12-07 12:55:48.516195,2023-12-07 12:55:48.773031,0 days 00:00:00.256836,72,48,44,96,68,COMPLETE
890,3.731209226530388,2023-12-07 12:55:48.774301,2023-12-07 12:55:49.036984,0 days 00:00:00.262683,68,4,40,120,72,COMPLETE
891,4.057901658315853,2023-12-07 12:55:49.038501,2023-12-07 12:55:49.300085,0 days 00:00:00.261584,64,4,40,120,64,COMPLETE
892,4.391950886276888,2023-12-07 12:55:49.301318,2023-12-07 12:55:49.554182,0 days 00:00:00.252864,64,4,36,120,68,COMPLETE
893,4.424350506325201,2023-12-07 12:55:49.555208,2023-12-07 12:55:49.804805,0 days 00:00:00.249597,60,4,40,120,68,COMPLETE
894,2.149063276767965,2023-12-07 12:55:49.806088,2023-12-07 12:55:50.072546,0 days 00:00:00.266458,64,8,40,96,72,COMPLETE
895,3.811936768578881,2023-12-07 12:55:50.073747,2023-12-07 12:55:50.327157,0 days 00:00:00.253410,68,4,44,120,68,COMPLETE
896,4.4322972054347805,2023-12-07 12:55:50.328331,2023-12-07 12:55:50.578219,0 days 00:00:00.249888,64,4,40,120,68,COMPLETE
897,3.8777807637331483,2023-12-07 12:55:50.579215,2023-12-07 12:55:50.822974,0 days 00:00:00.243759,60,8,36,120,64,COMPLETE
898,2.577647161191232,2023-12-07 12:55:50.824026,2023-12-07 12:55:51.069569,0 days 00:00:00.245543,64,4,44,144,68,COMPLETE
899,4.1110970984407595,2023-12-07 12:55:51.070515,2023-12-07 12:55:51.308868,0 days 00:00:00.238353,64,4,40,120,72,COMPLETE
900,3.6093542263733425,2023-12-07 12:55:51.309961,2023-12-07 12:55:51.564757,0 days 00:00:00.254796,68,8,40,120,68,COMPLETE
901,4.057901658315853,2023-12-07 12:55:51.565880,2023-12-07 12:55:51.807465,0 days 00:00:00.241585,64,4,40,120,64,COMPLETE
902,1.6019084943724293,2023-12-07 12:55:51.808467,2023-12-07 12:55:52.064214,0 days 00:00:00.255747,60,40,36,120,68,COMPLETE
903,2.746952235160358,2023-12-07 12:55:52.065468,2023-12-07 12:55:52.326810,0 days 00:00:00.261342,64,4,40,144,68,COMPLETE
904,3.4588869392505988,2023-12-07 12:55:52.328068,2023-12-07 12:55:52.586071,0 days 00:00:00.258003,68,4,44,120,72,COMPLETE
905,3.8859451537178207,2023-12-07 12:55:52.587438,2023-12-07 12:55:52.999841,0 days 00:00:00.412403,64,8,40,120,64,COMPLETE
906,4.4322972054347805,2023-12-07 12:55:53.000784,2023-12-07 12:55:53.249438,0 days 00:00:00.248654,64,4,40,120,68,COMPLETE
907,-0.24078239955844988,2023-12-07 12:55:53.250359,2023-12-07 12:55:53.507069,0 days 00:00:00.256710,60,4,36,240,72,COMPLETE
908,2.2706322208536402,2023-12-07 12:55:53.508223,2023-12-07 12:55:53.781871,0 days 00:00:00.273648,68,8,44,120,68,COMPLETE
909,2.892697401334635,2023-12-07 12:55:53.782893,2023-12-07 12:55:54.046004,0 days 00:00:00.263111,64,4,40,96,60,COMPLETE
910,4.147616299781392,2023-12-07 12:55:54.047105,2023-12-07 12:55:54.310599,0 days 00:00:00.263494,64,4,44,120,68,COMPLETE
911,3.8761751835250147,2023-12-07 12:55:54.311703,2023-12-07 12:55:54.576461,0 days 00:00:00.264758,60,8,40,120,64,COMPLETE
912,4.033594717200906,2023-12-07 12:55:54.577570,2023-12-07 12:55:54.838268,0 days 00:00:00.260698,64,4,36,120,72,COMPLETE
913,4.09204429593979,2023-12-07 12:55:54.839265,2023-12-07 12:55:55.085934,0 days 00:00:00.246669,68,4,40,120,68,COMPLETE
914,4.4322972054347805,2023-12-07 12:55:55.086927,2023-12-07 12:55:55.342136,0 days 00:00:00.255209,64,4,40,120,68,COMPLETE
915,2.631496464063198,2023-12-07 12:55:55.343183,2023-12-07 12:55:55.585866,0 days 00:00:00.242683,64,8,44,96,68,COMPLETE
916,2.091887672183332,2023-12-07 12:55:55.586837,2023-12-07 12:55:55.835237,0 days 00:00:00.248400,60,4,36,48,72,COMPLETE
917,3.05442193216494,2023-12-07 12:55:55.836136,2023-12-07 12:55:56.081962,0 days 00:00:00.245826,64,4,52,120,64,COMPLETE
918,3.6093542263733425,2023-12-07 12:55:56.082895,2023-12-07 12:55:56.325278,0 days 00:00:00.242383,68,8,40,120,68,COMPLETE
919,2.6664644464751435,2023-12-07 12:55:56.326206,2023-12-07 12:55:56.567168,0 days 00:00:00.240962,64,4,48,144,68,COMPLETE
920,1.6252495006032412,2023-12-07 12:55:56.568127,2023-12-07 12:55:56.823602,0 days 00:00:00.255475,60,12,40,120,64,COMPLETE
921,4.09204429593979,2023-12-07 12:55:56.824575,2023-12-07 12:55:57.069963,0 days 00:00:00.245388,68,4,40,120,68,COMPLETE
922,4.1110970984407595,2023-12-07 12:55:57.070931,2023-12-07 12:55:57.315967,0 days 00:00:00.245036,64,4,40,120,72,COMPLETE
923,-1.1431734528763124,2023-12-07 12:55:57.316947,2023-12-07 12:55:57.560587,0 days 00:00:00.243640,64,68,44,120,68,COMPLETE
924,3.7523122511961016,2023-12-07 12:55:57.561543,2023-12-07 12:55:57.818797,0 days 00:00:00.257254,64,8,36,120,64,COMPLETE
925,4.424350506325201,2023-12-07 12:55:57.819880,2023-12-07 12:55:58.078445,0 days 00:00:00.258565,60,4,40,120,68,COMPLETE
926,3.5742921456557752,2023-12-07 12:55:58.079656,2023-12-07 12:55:58.339647,0 days 00:00:00.259991,68,4,36,120,72,COMPLETE
927,3.106941038788492,2023-12-07 12:55:58.340664,2023-12-07 12:55:58.593865,0 days 00:00:00.253201,64,24,44,120,68,COMPLETE
928,3.971949145677128,2023-12-07 12:55:58.594940,2023-12-07 12:55:58.848069,0 days 00:00:00.253129,60,8,40,120,68,COMPLETE
929,3.6687391042095787,2023-12-07 12:55:58.849062,2023-12-07 12:55:59.099100,0 days 00:00:00.250038,64,4,40,144,64,COMPLETE
930,2.9413467827798487,2023-12-07 12:55:59.100106,2023-12-07 12:55:59.356429,0 days 00:00:00.256323,68,4,36,120,56,COMPLETE
931,4.4322972054347805,2023-12-07 12:55:59.357560,2023-12-07 12:55:59.613280,0 days 00:00:00.255720,64,4,40,120,68,COMPLETE
932,3.613859462290474,2023-12-07 12:55:59.614363,2023-12-07 12:55:59.872151,0 days 00:00:00.257788,72,8,40,120,72,COMPLETE
933,3.642708343870249,2023-12-07 12:55:59.873240,2023-12-07 12:56:00.143492,0 days 00:00:00.270252,64,4,44,96,68,COMPLETE
934,4.1198833231230045,2023-12-07 12:56:00.144818,2023-12-07 12:56:00.404891,0 days 00:00:00.260073,60,4,40,120,64,COMPLETE
935,4.391950886276888,2023-12-07 12:56:00.405909,2023-12-07 12:56:00.672832,0 days 00:00:00.266923,64,4,36,120,68,COMPLETE
936,2.577647161191232,2023-12-07 12:56:00.674079,2023-12-07 12:56:00.932590,0 days 00:00:00.258511,64,4,44,144,68,COMPLETE
937,3.731209226530388,2023-12-07 12:56:00.933662,2023-12-07 12:56:01.190374,0 days 00:00:00.256712,68,4,40,120,72,COMPLETE
938,3.8761751835250147,2023-12-07 12:56:01.191500,2023-12-07 12:56:01.442647,0 days 00:00:00.251147,60,8,40,120,64,COMPLETE
939,2.6816874306062957,2023-12-07 12:56:01.443590,2023-12-07 12:56:01.700445,0 days 00:00:00.256855,64,44,40,96,68,COMPLETE
940,3.9755280366551813,2023-12-07 12:56:01.701680,2023-12-07 12:56:01.964378,0 days 00:00:00.262698,68,4,36,120,68,COMPLETE
941,4.0135191330815445,2023-12-07 12:56:01.965455,2023-12-07 12:56:02.229408,0 days 00:00:00.263953,64,8,40,120,68,COMPLETE
942,3.833784500393129,2023-12-07 12:56:02.230592,2023-12-07 12:56:02.483549,0 days 00:00:00.252957,64,4,44,120,72,COMPLETE
943,4.424350506325201,2023-12-07 12:56:02.484486,2023-12-07 12:56:02.744759,0 days 00:00:00.260273,60,4,40,120,68,COMPLETE
944,3.7523122511961016,2023-12-07 12:56:02.745846,2023-12-07 12:56:03.007252,0 days 00:00:00.261406,64,8,36,120,64,COMPLETE
945,4.09204429593979,2023-12-07 12:56:03.008411,2023-12-07 12:56:03.261719,0 days 00:00:00.253308,68,4,40,120,68,COMPLETE
946,4.1110970984407595,2023-12-07 12:56:03.275837,2023-12-07 12:56:03.543974,0 days 00:00:00.268137,64,4,40,120,72,COMPLETE
947,4.147616299781392,2023-12-07 12:56:03.545150,2023-12-07 12:56:03.803688,0 days 00:00:00.258538,64,4,44,120,68,COMPLETE
948,3.6659623487948947,2023-12-07 12:56:03.804717,2023-12-07 12:56:04.049183,0 days 00:00:00.244466,68,8,36,120,64,COMPLETE
949,4.424350506325201,2023-12-07 12:56:04.050229,2023-12-07 12:56:04.292764,0 days 00:00:00.242535,60,4,40,120,68,COMPLETE
950,2.1685717541518033,2023-12-07 12:56:04.293700,2023-12-07 12:56:04.531824,0 days 00:00:00.238124,64,4,40,144,72,COMPLETE
951,0.7462181733903261,2023-12-07 12:56:04.532813,2023-12-07 12:56:04.776252,0 days 00:00:00.243439,32,12,44,120,68,COMPLETE
952,1.2161820619936834,2023-12-07 12:56:04.777204,2023-12-07 12:56:05.017624,0 days 00:00:00.240420,64,32,40,120,68,COMPLETE
953,0.7536856610785243,2023-12-07 12:56:05.018552,2023-12-07 12:56:05.259800,0 days 00:00:00.241248,60,4,4,120,64,COMPLETE
954,3.7119483025063853,2023-12-07 12:56:05.260821,2023-12-07 12:56:05.511049,0 days 00:00:00.250228,64,8,40,120,72,COMPLETE
955,3.7312049941605308,2023-12-07 12:56:05.512268,2023-12-07 12:56:05.756314,0 days 00:00:00.244046,64,4,36,96,68,COMPLETE
956,0.028822195375140556,2023-12-07 12:56:05.757275,2023-12-07 12:56:05.997158,0 days 00:00:00.239883,12,4,40,120,64,COMPLETE
957,2.780940443930743,2023-12-07 12:56:05.998084,2023-12-07 12:56:06.237501,0 days 00:00:00.239417,68,8,40,120,60,COMPLETE
958,4.147616299781392,2023-12-07 12:56:06.238425,2023-12-07 12:56:06.480954,0 days 00:00:00.242529,64,4,44,120,68,COMPLETE
959,4.383801129048291,2023-12-07 12:56:06.481989,2023-12-07 12:56:06.735446,0 days 00:00:00.253457,60,4,36,120,68,COMPLETE
960,0.9415006518931616,2023-12-07 12:56:06.736381,2023-12-07 12:56:06.978511,0 days 00:00:00.242130,68,8,44,144,72,COMPLETE
961,4.4322972054347805,2023-12-07 12:56:06.979522,2023-12-07 12:56:07.220225,0 days 00:00:00.240703,64,4,40,120,68,COMPLETE
962,4.4322972054347805,2023-12-07 12:56:07.221195,2023-12-07 12:56:07.459078,0 days 00:00:00.237883,64,4,40,120,68,COMPLETE
963,4.163536611444732,2023-12-07 12:56:07.459997,2023-12-07 12:56:07.703478,0 days 00:00:00.243481,60,4,36,96,68,COMPLETE
964,2.268726461951497,2023-12-07 12:56:07.704417,2023-12-07 12:56:07.948900,0 days 00:00:00.244483,64,8,40,120,48,COMPLETE
965,1.0403606121855555,2023-12-07 12:56:07.949873,2023-12-07 12:56:08.197702,0 days 00:00:00.247829,24,4,44,120,72,COMPLETE
966,3.3499515530652992,2023-12-07 12:56:08.198810,2023-12-07 12:56:08.440334,0 days 00:00:00.241524,68,4,40,120,64,COMPLETE
967,4.0135191330815445,2023-12-07 12:56:08.441253,2023-12-07 12:56:08.688663,0 days 00:00:00.247410,64,8,40,120,68,COMPLETE
968,3.9700718375424495,2023-12-07 12:56:08.689909,2023-12-07 12:56:08.953519,0 days 00:00:00.263610,64,4,36,120,64,COMPLETE
969,3.7883495987783427,2023-12-07 12:56:08.954551,2023-12-07 12:56:09.214410,0 days 00:00:00.259859,36,4,40,144,68,COMPLETE
970,2.324816156708996,2023-12-07 12:56:09.215611,2023-12-07 12:56:09.459834,0 days 00:00:00.244223,60,8,44,120,72,COMPLETE
971,4.4322972054347805,2023-12-07 12:56:09.460830,2023-12-07 12:56:09.711563,0 days 00:00:00.250733,64,4,40,120,68,COMPLETE
972,1.2385106152919796,2023-12-07 12:56:09.712500,2023-12-07 12:56:09.950951,0 days 00:00:00.238451,68,4,32,120,40,COMPLETE
973,2.9277397729155417,2023-12-07 12:56:09.951867,2023-12-07 12:56:10.189579,0 days 00:00:00.237712,64,4,36,96,64,COMPLETE
974,4.0135191330815445,2023-12-07 12:56:10.190558,2023-12-07 12:56:10.585310,0 days 00:00:00.394752,64,8,40,120,68,COMPLETE
975,4.424350506325201,2023-12-07 12:56:10.586233,2023-12-07 12:56:10.829144,0 days 00:00:00.242911,60,4,40,120,68,COMPLETE
976,3.833784500393129,2023-12-07 12:56:10.830056,2023-12-07 12:56:11.072839,0 days 00:00:00.242783,64,4,44,120,72,COMPLETE
977,4.4322972054347805,2023-12-07 12:56:11.073775,2023-12-07 12:56:11.318408,0 days 00:00:00.244633,64,4,40,120,68,COMPLETE
978,3.6659623487948947,2023-12-07 12:56:11.319334,2023-12-07 12:56:11.561049,0 days 00:00:00.241715,68,8,36,120,64,COMPLETE
979,4.424350506325201,2023-12-07 12:56:11.562098,2023-12-07 12:56:11.813704,0 days 00:00:00.251606,60,4,40,120,68,COMPLETE
980,0.499633857585015,2023-12-07 12:56:11.815219,2023-12-07 12:56:12.083836,0 days 00:00:00.268617,64,64,44,96,72,COMPLETE
981,4.09204429593979,2023-12-07 12:56:12.085265,2023-12-07 12:56:12.344031,0 days 00:00:00.258766,68,4,40,120,68,COMPLETE
982,2.3750012255487336,2023-12-07 12:56:12.345026,2023-12-07 12:56:12.592742,0 days 00:00:00.247716,64,28,40,144,68,COMPLETE
983,3.7523122511961016,2023-12-07 12:56:12.593718,2023-12-07 12:56:12.883872,0 days 00:00:00.290154,64,8,36,120,64,COMPLETE
984,4.140668817167323,2023-12-07 12:56:12.884906,2023-12-07 12:56:13.147861,0 days 00:00:00.262955,60,4,44,120,68,COMPLETE
985,4.1110970984407595,2023-12-07 12:56:13.149219,2023-12-07 12:56:13.401807,0 days 00:00:00.252588,64,4,40,120,72,COMPLETE
986,4.09204429593979,2023-12-07 12:56:13.402819,2023-12-07 12:56:13.644118,0 days 00:00:00.241299,68,4,40,120,68,COMPLETE
987,4.057901658315853,2023-12-07 12:56:13.645053,2023-12-07 12:56:13.888613,0 days 00:00:00.243560,64,4,40,120,64,COMPLETE
988,3.7633030115896853,2023-12-07 12:56:13.889558,2023-12-07 12:56:14.131493,0 days 00:00:00.241935,64,8,36,120,72,COMPLETE
989,3.3236669561073495,2023-12-07 12:56:14.132425,2023-12-07 12:56:14.385472,0 days 00:00:00.253047,60,4,44,72,68,COMPLETE
990,3.150830433586385,2023-12-07 12:56:14.386425,2023-12-07 12:56:14.638970,0 days 00:00:00.252545,44,8,40,120,68,COMPLETE
991,1.9100731787997385,2023-12-07 12:56:14.639947,2023-12-07 12:56:14.885216,0 days 00:00:00.245269,68,12,40,144,64,COMPLETE
992,4.391950886276888,2023-12-07 12:56:14.886262,2023-12-07 12:56:15.129371,0 days 00:00:00.243109,64,4,36,120,68,COMPLETE
993,4.1110970984407595,2023-12-07 12:56:15.130350,2023-12-07 12:56:15.375006,0 days 00:00:00.244656,64,4,40,120,72,COMPLETE
994,3.971949145677128,2023-12-07 12:56:15.376021,2023-12-07 12:56:15.619370,0 days 00:00:00.243349,60,8,40,120,68,COMPLETE
995,3.642708343870249,2023-12-07 12:56:15.620300,2023-12-07 12:56:15.873981,0 days 00:00:00.253681,64,4,44,96,68,COMPLETE
996,2.6032239200006497,2023-12-07 12:56:15.875006,2023-12-07 12:56:16.130582,0 days 00:00:00.255576,68,4,36,120,60,COMPLETE
997,4.4322972054347805,2023-12-07 12:56:16.131627,2023-12-07 12:56:16.376195,0 days 00:00:00.244568,64,4,40,120,68,COMPLETE
998,4.140668817167323,2023-12-07 12:56:16.377149,2023-12-07 12:56:16.623334,0 days 00:00:00.246185,60,4,44,120,68,COMPLETE
999,1.2827976259887108,2023-12-07 12:56:16.624369,2023-12-07 12:56:16.872170,0 days 00:00:00.247801,8,8,40,120,64,COMPLETE
