number,value,datetime_start,datetime_complete,duration,params_BBand_window,params_OI_window_MA_f,params_OI_window_MA_s,params_RV_period,params_RV_window,state
876,3.1488483674352623,2023-12-07 13:37:54.414901,2023-12-07 13:37:54.657683,0 days 00:00:00.242782,48,24,60,120,44,COMPLETE
877,3.518887517403897,2023-12-07 13:37:54.658676,2023-12-07 13:37:54.905060,0 days 00:00:00.246384,48,20,60,120,40,COMPLETE
878,2.8846247932408904,2023-12-07 13:37:54.906108,2023-12-07 13:37:55.148853,0 days 00:00:00.242745,48,16,60,120,44,COMPLETE
879,2.898044419288462,2023-12-07 13:37:55.149979,2023-12-07 13:37:55.393291,0 days 00:00:00.243312,52,20,64,120,52,COMPLETE
880,2.7813533036796723,2023-12-07 13:37:55.394276,2023-12-07 13:37:55.639797,0 days 00:00:00.245521,48,24,60,120,48,COMPLETE
881,3.72541063760457,2023-12-07 13:37:55.640833,2023-12-07 13:37:55.883932,0 days 00:00:00.243099,48,20,60,120,44,COMPLETE
882,1.7185958364091871,2023-12-07 13:37:55.884895,2023-12-07 13:37:56.128309,0 days 00:00:00.243414,52,16,60,72,40,COMPLETE
883,2.6721153895652816,2023-12-07 13:37:56.129444,2023-12-07 13:37:56.375027,0 days 00:00:00.245583,48,20,64,96,44,COMPLETE
884,2.7813533036796723,2023-12-07 13:37:56.376090,2023-12-07 13:37:56.620586,0 days 00:00:00.244496,48,24,60,120,48,COMPLETE
885,3.4204992284223095,2023-12-07 13:37:56.621629,2023-12-07 13:37:56.872668,0 days 00:00:00.251039,52,20,60,120,44,COMPLETE
886,3.5951189830896606,2023-12-07 13:37:56.873634,2023-12-07 13:37:57.117849,0 days 00:00:00.244215,48,20,64,120,44,COMPLETE
887,2.6267975552594667,2023-12-07 13:37:57.118862,2023-12-07 13:37:57.361031,0 days 00:00:00.242169,48,16,60,120,40,COMPLETE
888,2.4085507271512028,2023-12-07 13:37:57.362143,2023-12-07 13:37:57.608428,0 days 00:00:00.246285,56,24,60,120,48,COMPLETE
889,2.7978290763844424,2023-12-07 13:37:57.609713,2023-12-07 13:37:57.853423,0 days 00:00:00.243710,48,20,60,96,44,COMPLETE
890,3.2636058251633986,2023-12-07 13:37:57.854398,2023-12-07 13:37:58.096475,0 days 00:00:00.242077,48,20,64,120,40,COMPLETE
891,2.8826829504719,2023-12-07 13:37:58.097443,2023-12-07 13:37:58.342305,0 days 00:00:00.244862,52,24,60,120,44,COMPLETE
892,3.4204992284223095,2023-12-07 13:37:58.343355,2023-12-07 13:37:58.584355,0 days 00:00:00.241000,52,20,60,120,44,COMPLETE
893,3.333279823651054,2023-12-07 13:37:58.585491,2023-12-07 13:37:58.827416,0 days 00:00:00.241925,48,16,64,120,44,COMPLETE
894,2.7813533036796723,2023-12-07 13:37:58.828566,2023-12-07 13:37:59.072523,0 days 00:00:00.243957,48,24,60,120,48,COMPLETE
895,2.9086308256268953,2023-12-07 13:37:59.073572,2023-12-07 13:37:59.313223,0 days 00:00:00.239651,48,20,60,120,36,COMPLETE
896,3.333279823651054,2023-12-07 13:37:59.314360,2023-12-07 13:37:59.559902,0 days 00:00:00.245542,48,16,64,120,44,COMPLETE
897,3.2851158846911934,2023-12-07 13:37:59.560963,2023-12-07 13:37:59.812243,0 days 00:00:00.251280,52,20,60,120,40,COMPLETE
898,3.2619799142594803,2023-12-07 13:37:59.813244,2023-12-07 13:38:00.256926,0 days 00:00:00.443682,48,20,60,120,48,COMPLETE
899,1.5354335917179187,2023-12-07 13:38:00.257982,2023-12-07 13:38:00.508057,0 days 00:00:00.250075,44,12,64,96,44,COMPLETE
900,3.1488483674352623,2023-12-07 13:38:00.509042,2023-12-07 13:38:00.761204,0 days 00:00:00.252162,48,24,60,120,44,COMPLETE
901,2.418484104393531,2023-12-07 13:38:00.762192,2023-12-07 13:38:01.023392,0 days 00:00:00.261200,44,20,60,192,44,COMPLETE
902,2.289767740940479,2023-12-07 13:38:01.024697,2023-12-07 13:38:01.284602,0 days 00:00:00.259905,48,16,60,120,48,COMPLETE
903,3.2851158846911934,2023-12-07 13:38:01.285599,2023-12-07 13:38:01.538545,0 days 00:00:00.252946,52,20,60,120,40,COMPLETE
904,1.9107431869686264,2023-12-07 13:38:01.539594,2023-12-07 13:38:01.791133,0 days 00:00:00.251539,48,4,64,120,44,COMPLETE
905,2.6603066238347606,2023-12-07 13:38:01.792139,2023-12-07 13:38:02.043114,0 days 00:00:00.250975,52,24,60,120,40,COMPLETE
906,2.7472045205614077,2023-12-07 13:38:02.044089,2023-12-07 13:38:02.298431,0 days 00:00:00.254342,44,68,60,120,44,COMPLETE
907,3.2044027700674964,2023-12-07 13:38:02.299480,2023-12-07 13:38:02.549181,0 days 00:00:00.249701,48,20,64,120,48,COMPLETE
908,2.896934193855957,2023-12-07 13:38:02.550376,2023-12-07 13:38:02.806465,0 days 00:00:00.256089,36,20,60,120,44,COMPLETE
909,2.07266991452044,2023-12-07 13:38:02.807465,2023-12-07 13:38:03.078822,0 days 00:00:00.271357,44,24,60,96,44,COMPLETE
910,1.9387259282585607,2023-12-07 13:38:03.080119,2023-12-07 13:38:03.353675,0 days 00:00:00.273556,48,20,60,120,72,COMPLETE
911,3.031618450200262,2023-12-07 13:38:03.354723,2023-12-07 13:38:03.609044,0 days 00:00:00.254321,52,20,64,120,40,COMPLETE
912,2.7171627190136967,2023-12-07 13:38:03.610223,2023-12-07 13:38:03.864968,0 days 00:00:00.254745,48,32,60,120,44,COMPLETE
913,2.289767740940479,2023-12-07 13:38:03.866157,2023-12-07 13:38:04.118779,0 days 00:00:00.252622,48,16,60,120,48,COMPLETE
914,2.627552410254144,2023-12-07 13:38:04.119772,2023-12-07 13:38:04.374679,0 days 00:00:00.254907,44,24,44,120,44,COMPLETE
915,3.5951189830896606,2023-12-07 13:38:04.375687,2023-12-07 13:38:04.629200,0 days 00:00:00.253513,48,20,64,120,44,COMPLETE
916,2.822481509022883,2023-12-07 13:38:04.630193,2023-12-07 13:38:04.879942,0 days 00:00:00.249749,44,16,60,120,44,COMPLETE
917,3.031618450200262,2023-12-07 13:38:04.880900,2023-12-07 13:38:05.134554,0 days 00:00:00.253654,52,20,64,120,40,COMPLETE
918,2.7813533036796723,2023-12-07 13:38:05.135594,2023-12-07 13:38:05.386882,0 days 00:00:00.251288,48,24,60,120,48,COMPLETE
919,3.72541063760457,2023-12-07 13:38:05.388049,2023-12-07 13:38:05.637495,0 days 00:00:00.249446,48,20,60,120,44,COMPLETE
920,2.2309830824846784,2023-12-07 13:38:05.638473,2023-12-07 13:38:05.890038,0 days 00:00:00.251565,48,40,60,120,40,COMPLETE
921,2.460816692244353,2023-12-07 13:38:05.891039,2023-12-07 13:38:06.145276,0 days 00:00:00.254237,52,16,60,120,44,COMPLETE
922,2.6812343530790286,2023-12-07 13:38:06.146403,2023-12-07 13:38:06.411970,0 days 00:00:00.265567,44,20,64,96,48,COMPLETE
923,3.1488483674352623,2023-12-07 13:38:06.413066,2023-12-07 13:38:06.662835,0 days 00:00:00.249769,48,24,60,120,44,COMPLETE
924,3.518887517403897,2023-12-07 13:38:06.663783,2023-12-07 13:38:06.915174,0 days 00:00:00.251391,48,20,60,120,40,COMPLETE
925,2.9583274822791616,2023-12-07 13:38:06.916403,2023-12-07 13:38:07.167187,0 days 00:00:00.250784,44,24,60,120,44,COMPLETE
926,3.132334770385026,2023-12-07 13:38:07.168161,2023-12-07 13:38:07.421521,0 days 00:00:00.253360,52,20,64,120,48,COMPLETE
927,1.6474540910033921,2023-12-07 13:38:07.422583,2023-12-07 13:38:07.675339,0 days 00:00:00.252756,48,16,60,96,44,COMPLETE
928,1.1049689331463382,2023-12-07 13:38:07.676408,2023-12-07 13:38:07.929438,0 days 00:00:00.253030,48,20,12,120,44,COMPLETE
929,3.4051516641209774,2023-12-07 13:38:07.930397,2023-12-07 13:38:08.187419,0 days 00:00:00.257022,44,20,60,120,40,COMPLETE
930,1.8689828516417004,2023-12-07 13:38:08.188404,2023-12-07 13:38:08.442370,0 days 00:00:00.253966,52,24,32,120,44,COMPLETE
931,3.5951189830896606,2023-12-07 13:38:08.443336,2023-12-07 13:38:08.694890,0 days 00:00:00.251554,48,20,64,120,44,COMPLETE
932,1.6630813903333157,2023-12-07 13:38:08.695918,2023-12-07 13:38:08.945863,0 days 00:00:00.249945,56,16,60,120,48,COMPLETE
933,2.8310619794540477,2023-12-07 13:38:08.946820,2023-12-07 13:38:09.198267,0 days 00:00:00.251447,48,20,60,120,52,COMPLETE
934,2.8498162511245058,2023-12-07 13:38:09.199494,2023-12-07 13:38:09.458061,0 days 00:00:00.258567,44,24,64,120,44,COMPLETE
935,3.2851158846911934,2023-12-07 13:38:09.459233,2023-12-07 13:38:09.711900,0 days 00:00:00.252667,52,20,60,120,40,COMPLETE
936,1.7356951955837878,2023-12-07 13:38:09.712862,2023-12-07 13:38:09.964090,0 days 00:00:00.251228,24,24,60,120,48,COMPLETE
937,2.8846247932408904,2023-12-07 13:38:09.965128,2023-12-07 13:38:10.213894,0 days 00:00:00.248766,48,16,60,120,44,COMPLETE
938,2.54761494845267,2023-12-07 13:38:10.214950,2023-12-07 13:38:10.469960,0 days 00:00:00.255010,44,20,64,96,44,COMPLETE
939,3.518887517403897,2023-12-07 13:38:10.470977,2023-12-07 13:38:10.723970,0 days 00:00:00.252993,48,20,60,120,40,COMPLETE
940,2.7827837626705114,2023-12-07 13:38:10.724970,2023-12-07 13:38:10.974933,0 days 00:00:00.249963,52,24,64,120,44,COMPLETE
941,3.2619799142594803,2023-12-07 13:38:10.976016,2023-12-07 13:38:11.231329,0 days 00:00:00.255313,48,20,60,120,48,COMPLETE
942,2.153468138125578,2023-12-07 13:38:11.232472,2023-12-07 13:38:11.487151,0 days 00:00:00.254679,44,20,60,216,44,COMPLETE
943,2.3003811416222213,2023-12-07 13:38:11.488146,2023-12-07 13:38:11.739376,0 days 00:00:00.251230,48,44,60,120,40,COMPLETE
944,1.968268502215755,2023-12-07 13:38:11.740449,2023-12-07 13:38:11.993875,0 days 00:00:00.253426,48,16,60,120,36,COMPLETE
945,3.398097910297079,2023-12-07 13:38:11.994918,2023-12-07 13:38:12.255553,0 days 00:00:00.260635,52,20,56,120,44,COMPLETE
946,2.857520936344376,2023-12-07 13:38:12.256559,2023-12-07 13:38:12.510143,0 days 00:00:00.253584,56,20,64,120,48,COMPLETE
947,2.9583274822791616,2023-12-07 13:38:12.511203,2023-12-07 13:38:12.766956,0 days 00:00:00.255753,44,24,60,120,44,COMPLETE
948,1.680610868859734,2023-12-07 13:38:12.768190,2023-12-07 13:38:13.019239,0 days 00:00:00.251049,48,16,56,96,44,COMPLETE
949,3.518887517403897,2023-12-07 13:38:13.020233,2023-12-07 13:38:13.271115,0 days 00:00:00.250882,48,20,60,120,40,COMPLETE
950,2.7827837626705114,2023-12-07 13:38:13.272150,2023-12-07 13:38:13.522177,0 days 00:00:00.250027,52,24,64,120,44,COMPLETE
951,3.1070581427567077,2023-12-07 13:38:13.523138,2023-12-07 13:38:13.774448,0 days 00:00:00.251310,44,20,60,120,48,COMPLETE
952,2.8846247932408904,2023-12-07 13:38:13.775519,2023-12-07 13:38:14.023095,0 days 00:00:00.247576,48,16,60,120,44,COMPLETE
953,3.412248353201011,2023-12-07 13:38:14.024117,2023-12-07 13:38:14.274130,0 days 00:00:00.250013,48,24,56,120,40,COMPLETE
954,3.610498404596596,2023-12-07 13:38:14.275145,2023-12-07 13:38:14.526077,0 days 00:00:00.250932,44,20,60,120,44,COMPLETE
955,1.915732418481973,2023-12-07 13:38:14.527093,2023-12-07 13:38:14.777393,0 days 00:00:00.250300,48,20,36,120,48,COMPLETE
956,2.1980273524066196,2023-12-07 13:38:14.778460,2023-12-07 13:38:15.028518,0 days 00:00:00.250058,52,16,64,120,56,COMPLETE
957,3.2426652569438126,2023-12-07 13:38:15.029475,2023-12-07 13:38:15.292507,0 days 00:00:00.263032,48,24,56,120,28,COMPLETE
958,3.610498404596596,2023-12-07 13:38:15.293487,2023-12-07 13:38:15.541538,0 days 00:00:00.248051,44,20,60,120,44,COMPLETE
959,0.7760727899687011,2023-12-07 13:38:15.542694,2023-12-07 13:38:15.794783,0 days 00:00:00.252089,48,20,24,120,40,COMPLETE
960,2.460816692244353,2023-12-07 13:38:15.795868,2023-12-07 13:38:16.047937,0 days 00:00:00.252069,52,16,60,120,44,COMPLETE
961,2.6998918196005253,2023-12-07 13:38:16.048941,2023-12-07 13:38:16.299434,0 days 00:00:00.250493,48,24,56,96,44,COMPLETE
962,3.1070581427567077,2023-12-07 13:38:16.300474,2023-12-07 13:38:16.552567,0 days 00:00:00.252093,44,20,60,120,48,COMPLETE
963,2.6422334424888025,2023-12-07 13:38:16.553711,2023-12-07 13:38:16.804269,0 days 00:00:00.250558,48,12,64,120,44,COMPLETE
964,3.6684770372718964,2023-12-07 13:38:16.805315,2023-12-07 13:38:17.052760,0 days 00:00:00.247445,48,20,56,120,40,COMPLETE
965,2.9583274822791616,2023-12-07 13:38:17.053718,2023-12-07 13:38:17.304626,0 days 00:00:00.250908,44,24,60,120,44,COMPLETE
966,-0.7024180428623722,2023-12-07 13:38:17.305741,2023-12-07 13:38:17.556849,0 days 00:00:00.251108,32,20,20,96,48,COMPLETE
967,3.4204992284223095,2023-12-07 13:38:17.558095,2023-12-07 13:38:17.807578,0 days 00:00:00.249483,52,20,60,120,44,COMPLETE
968,3.018922909593342,2023-12-07 13:38:17.808692,2023-12-07 13:38:18.058128,0 days 00:00:00.249436,48,16,64,120,40,COMPLETE
969,3.72541063760457,2023-12-07 13:38:18.059098,2023-12-07 13:38:18.314604,0 days 00:00:00.255506,48,20,60,120,44,COMPLETE
970,3.483845038400639,2023-12-07 13:38:18.315646,2023-12-07 13:38:18.571261,0 days 00:00:00.255615,44,24,56,120,44,COMPLETE
971,3.1896936595650134,2023-12-07 13:38:18.572245,2023-12-07 13:38:18.824977,0 days 00:00:00.252732,52,20,60,120,48,COMPLETE
972,3.1488483674352623,2023-12-07 13:38:18.826052,2023-12-07 13:38:19.266384,0 days 00:00:00.440332,48,24,60,120,44,COMPLETE
973,2.549135865122666,2023-12-07 13:38:19.267352,2023-12-07 13:38:19.522545,0 days 00:00:00.255193,48,16,56,120,40,COMPLETE
974,2.612668918471165,2023-12-07 13:38:19.523638,2023-12-07 13:38:19.780914,0 days 00:00:00.257276,44,20,64,120,32,COMPLETE
975,3.72541063760457,2023-12-07 13:38:19.782310,2023-12-07 13:38:20.036324,0 days 00:00:00.254014,48,20,60,120,44,COMPLETE
976,3.132334770385026,2023-12-07 13:38:20.037284,2023-12-07 13:38:20.293917,0 days 00:00:00.256633,52,20,64,120,48,COMPLETE
977,3.6033810632354233,2023-12-07 13:38:20.294942,2023-12-07 13:38:20.550711,0 days 00:00:00.255769,48,24,56,120,44,COMPLETE
978,2.9150944439080306,2023-12-07 13:38:20.551699,2023-12-07 13:38:20.809190,0 days 00:00:00.257491,44,20,60,96,40,COMPLETE
979,0.6993706924713713,2023-12-07 13:38:20.810268,2023-12-07 13:38:21.063985,0 days 00:00:00.253717,16,24,60,120,44,COMPLETE
980,2.8846247932408904,2023-12-07 13:38:21.065040,2023-12-07 13:38:21.330097,0 days 00:00:00.265057,48,16,60,120,44,COMPLETE
981,3.199348054350952,2023-12-07 13:38:21.331131,2023-12-07 13:38:21.588683,0 days 00:00:00.257552,44,20,56,120,48,COMPLETE
982,2.2085162940513383,2023-12-07 13:38:21.589688,2023-12-07 13:38:21.845632,0 days 00:00:00.255944,48,56,64,120,44,COMPLETE
983,3.0508770171619717,2023-12-07 13:38:21.846689,2023-12-07 13:38:22.103982,0 days 00:00:00.257293,52,20,60,120,52,COMPLETE
984,2.6267975552594667,2023-12-07 13:38:22.104999,2023-12-07 13:38:22.359009,0 days 00:00:00.254010,48,16,60,120,40,COMPLETE
985,3.011846045329097,2023-12-07 13:38:22.359977,2023-12-07 13:38:22.612228,0 days 00:00:00.252251,44,24,56,120,48,COMPLETE
986,3.000387758438644,2023-12-07 13:38:22.613232,2023-12-07 13:38:22.866141,0 days 00:00:00.252909,48,20,64,120,4,COMPLETE
987,2.2846101195991073,2023-12-07 13:38:22.867504,2023-12-07 13:38:23.124439,0 days 00:00:00.256935,52,8,60,120,44,COMPLETE
988,2.7978290763844424,2023-12-07 13:38:23.125527,2023-12-07 13:38:23.380741,0 days 00:00:00.255214,48,20,60,96,44,COMPLETE
989,3.706930134153346,2023-12-07 13:38:23.381853,2023-12-07 13:38:23.639925,0 days 00:00:00.258072,44,20,56,120,44,COMPLETE
990,1.9256909550381434,2023-12-07 13:38:23.641044,2023-12-07 13:38:23.895711,0 days 00:00:00.254667,52,24,16,120,48,COMPLETE
991,2.497942797261874,2023-12-07 13:38:23.896757,2023-12-07 13:38:24.159314,0 days 00:00:00.262557,48,64,60,120,40,COMPLETE
992,3.2880323521692123,2023-12-07 13:38:24.160292,2023-12-07 13:38:24.412487,0 days 00:00:00.252195,44,16,64,120,44,COMPLETE
993,1.8896431835386225,2023-12-07 13:38:24.413454,2023-12-07 13:38:24.668783,0 days 00:00:00.255329,48,16,56,120,36,COMPLETE
994,1.7859848062251529,2023-12-07 13:38:24.669772,2023-12-07 13:38:24.924716,0 days 00:00:00.254944,48,20,44,96,44,COMPLETE
995,2.6603066238347606,2023-12-07 13:38:24.925746,2023-12-07 13:38:25.178672,0 days 00:00:00.252926,52,24,60,120,40,COMPLETE
996,3.72541063760457,2023-12-07 13:38:25.179653,2023-12-07 13:38:25.435169,0 days 00:00:00.255516,48,20,60,120,44,COMPLETE
997,3.199348054350952,2023-12-07 13:38:25.436245,2023-12-07 13:38:25.689706,0 days 00:00:00.253461,44,20,56,120,48,COMPLETE
998,3.1670919298056317,2023-12-07 13:38:25.690977,2023-12-07 13:38:25.947734,0 days 00:00:00.256757,48,72,60,120,40,COMPLETE
999,3.5951189830896606,2023-12-07 13:38:25.948847,2023-12-07 13:38:26.207238,0 days 00:00:00.258391,48,20,64,120,44,COMPLETE
