number,value,datetime_start,datetime_complete,duration,params_BBand_window,params_OI_window_MA_f,params_OI_window_MA_s,params_RV_period,params_RV_window,state
0,-0.3672756664274143,2023-12-07 13:34:32.408745,2023-12-07 13:34:32.602678,0 days 00:00:00.193933,52,64,20,24,4,COMPLETE
1,1.9903610157307985,2023-12-07 13:34:32.603369,2023-12-07 13:34:32.796851,0 days 00:00:00.193482,60,20,72,72,20,COMPLETE
2,-0.7407096197987797,2023-12-07 13:34:32.797709,2023-12-07 13:34:33.004118,0 days 00:00:00.206409,20,52,72,144,4,COMPLETE
3,0.20812203130298873,2023-12-07 13:34:33.005145,2023-12-07 13:34:33.204620,0 days 00:00:00.199475,16,64,68,24,56,COMPLETE
4,1.6986732343445254,2023-12-07 13:34:33.205594,2023-12-07 13:34:33.405896,0 days 00:00:00.200302,52,20,44,96,40,COMPLETE
5,-0.7544720048089816,2023-12-07 13:34:33.406834,2023-12-07 13:34:33.595811,0 days 00:00:00.188977,16,60,56,240,24,COMPLETE
6,0.29554738113132084,2023-12-07 13:34:33.596500,2023-12-07 13:34:33.784582,0 days 00:00:00.188082,20,72,24,48,12,COMPLETE
7,0.3097875419379758,2023-12-07 13:34:33.785330,2023-12-07 13:34:33.981937,0 days 00:00:00.196607,12,60,48,24,60,COMPLETE
8,1.1386365449988909,2023-12-07 13:34:33.982942,2023-12-07 13:34:34.173047,0 days 00:00:00.190105,12,20,56,144,64,COMPLETE
9,0.25219508912582195,2023-12-07 13:34:34.173742,2023-12-07 13:34:34.366538,0 days 00:00:00.192796,64,24,12,216,60,COMPLETE
10,1.1590887997996029,2023-12-07 13:34:34.367313,2023-12-07 13:34:34.570581,0 days 00:00:00.203268,68,36,32,96,36,COMPLETE
11,0.21781652527598597,2023-12-07 13:34:34.571310,2023-12-07 13:34:34.776272,0 days 00:00:00.204962,44,4,44,96,40,COMPLETE
12,-2.272918614934564,2023-12-07 13:34:34.776987,2023-12-07 13:34:34.983598,0 days 00:00:00.206611,56,12,4,96,36,COMPLETE
13,1.0282154909860137,2023-12-07 13:34:34.984360,2023-12-07 13:34:35.188863,0 days 00:00:00.204503,36,32,60,72,24,COMPLETE
14,1.1501755771432094,2023-12-07 13:34:35.189802,2023-12-07 13:34:35.398059,0 days 00:00:00.208257,32,24,36,168,48,COMPLETE
15,1.0162104975008948,2023-12-07 13:34:35.398823,2023-12-07 13:34:35.613243,0 days 00:00:00.214420,72,12,64,72,24,COMPLETE
16,0.5315840377015959,2023-12-07 13:34:35.614082,2023-12-07 13:34:35.823386,0 days 00:00:00.209304,56,48,48,120,20,COMPLETE
17,0.9571795236668017,2023-12-07 13:34:35.824162,2023-12-07 13:34:36.035098,0 days 00:00:00.210936,44,44,28,192,44,COMPLETE
18,-0.03422969605949015,2023-12-07 13:34:36.035887,2023-12-07 13:34:36.243001,0 days 00:00:00.207114,60,4,40,72,72,COMPLETE
19,2.2635513336229076,2023-12-07 13:34:36.243769,2023-12-07 13:34:36.447745,0 days 00:00:00.203976,48,32,72,120,16,COMPLETE
20,1.3188608368404142,2023-12-07 13:34:36.448527,2023-12-07 13:34:36.655431,0 days 00:00:00.206904,28,32,72,168,16,COMPLETE
21,2.351062801425933,2023-12-07 13:34:36.656135,2023-12-07 13:34:36.863993,0 days 00:00:00.207858,48,16,64,120,32,COMPLETE
22,1.8299641715317545,2023-12-07 13:34:36.864886,2023-12-07 13:34:37.071560,0 days 00:00:00.206674,48,12,64,120,32,COMPLETE
23,2.4927385134397126,2023-12-07 13:34:37.073178,2023-12-07 13:34:37.302080,0 days 00:00:00.228902,40,28,72,120,12,COMPLETE
24,1.018224963958111,2023-12-07 13:34:37.302876,2023-12-07 13:34:37.510220,0 days 00:00:00.207344,40,40,56,168,12,COMPLETE
25,0.0,2023-12-07 13:34:37.510949,2023-12-07 13:34:37.717708,0 days 00:00:00.206759,4,28,64,120,28,COMPLETE
26,0.8959259875714097,2023-12-07 13:34:37.718435,2023-12-07 13:34:37.927534,0 days 00:00:00.209099,32,40,68,144,8,COMPLETE
27,2.4542712100128004,2023-12-07 13:34:37.928252,2023-12-07 13:34:38.146482,0 days 00:00:00.218230,40,32,52,120,16,COMPLETE
28,1.9071951695055815,2023-12-07 13:34:38.147364,2023-12-07 13:34:38.368348,0 days 00:00:00.220984,40,16,52,192,32,COMPLETE
29,-0.6826121873015581,2023-12-07 13:34:38.369312,2023-12-07 13:34:38.583518,0 days 00:00:00.214206,28,28,60,144,4,COMPLETE
30,0.17567505608281184,2023-12-07 13:34:38.584334,2023-12-07 13:34:38.793563,0 days 00:00:00.209229,36,8,52,48,12,COMPLETE
31,2.24776559692257,2023-12-07 13:34:38.794358,2023-12-07 13:34:39.004670,0 days 00:00:00.210312,48,36,64,120,16,COMPLETE
32,2.728409803681886,2023-12-07 13:34:39.005439,2023-12-07 13:34:39.218161,0 days 00:00:00.212722,48,28,72,120,16,COMPLETE
33,2.145577283357419,2023-12-07 13:34:39.218922,2023-12-07 13:34:39.432544,0 days 00:00:00.213622,44,28,68,96,8,COMPLETE
34,2.1758958450004444,2023-12-07 13:34:39.433666,2023-12-07 13:34:39.645817,0 days 00:00:00.212151,52,24,72,144,20,COMPLETE
35,1.266416677593952,2023-12-07 13:34:39.646586,2023-12-07 13:34:39.854059,0 days 00:00:00.207473,56,16,60,120,4,COMPLETE
36,1.9938866349023523,2023-12-07 13:34:39.854778,2023-12-07 13:34:40.063847,0 days 00:00:00.209069,40,20,68,168,28,COMPLETE
37,2.0041585431001425,2023-12-07 13:34:40.064773,2023-12-07 13:34:40.272883,0 days 00:00:00.208110,52,48,72,96,8,COMPLETE
38,1.4109566507637374,2023-12-07 13:34:40.273650,2023-12-07 13:34:40.479128,0 days 00:00:00.205478,32,16,68,48,48,COMPLETE
39,2.9465541226974987,2023-12-07 13:34:40.479842,2023-12-07 13:34:40.689801,0 days 00:00:00.209959,44,24,56,144,20,COMPLETE
40,0.6830426606886082,2023-12-07 13:34:40.690539,2023-12-07 13:34:40.896018,0 days 00:00:00.205479,24,36,52,144,20,COMPLETE
41,2.525691874515429,2023-12-07 13:34:40.896894,2023-12-07 13:34:41.105547,0 days 00:00:00.208653,44,24,60,120,28,COMPLETE
42,2.7277438828286455,2023-12-07 13:34:41.106388,2023-12-07 13:34:41.315602,0 days 00:00:00.209214,44,24,56,144,24,COMPLETE
43,2.193551951555239,2023-12-07 13:34:41.316333,2023-12-07 13:34:41.525643,0 days 00:00:00.209310,44,24,60,192,28,COMPLETE
44,2.1325629252578073,2023-12-07 13:34:41.526418,2023-12-07 13:34:41.735328,0 days 00:00:00.208910,36,28,44,144,24,COMPLETE
45,2.2366996327449025,2023-12-07 13:34:41.736282,2023-12-07 13:34:41.944237,0 days 00:00:00.207955,60,20,56,168,20,COMPLETE
46,2.670408562018889,2023-12-07 13:34:41.945162,2023-12-07 13:34:42.154189,0 days 00:00:00.209027,44,24,48,144,28,COMPLETE
47,2.661940789356083,2023-12-07 13:34:42.154959,2023-12-07 13:34:42.363379,0 days 00:00:00.208420,52,24,48,144,28,COMPLETE
48,0.12550278008154822,2023-12-07 13:34:42.364137,2023-12-07 13:34:42.571419,0 days 00:00:00.207282,64,20,40,144,36,COMPLETE
49,-0.074470825244578,2023-12-07 13:34:42.572242,2023-12-07 13:34:42.779236,0 days 00:00:00.206994,52,8,48,168,24,COMPLETE
50,0.4388128796798224,2023-12-07 13:34:42.780031,2023-12-07 13:34:42.988295,0 days 00:00:00.208264,60,68,44,192,32,COMPLETE
51,2.670408562018889,2023-12-07 13:34:42.989065,2023-12-07 13:34:43.197156,0 days 00:00:00.208091,44,24,48,144,28,COMPLETE
52,1.3799550042025537,2023-12-07 13:34:43.197959,2023-12-07 13:34:43.406029,0 days 00:00:00.208070,52,24,36,144,24,COMPLETE
53,1.4832482049799454,2023-12-07 13:34:43.406836,2023-12-07 13:34:43.613438,0 days 00:00:00.206602,48,32,48,168,40,COMPLETE
54,1.2659702731380666,2023-12-07 13:34:43.614184,2023-12-07 13:34:43.820158,0 days 00:00:00.205974,56,20,44,144,28,COMPLETE
55,0.7088774180841676,2023-12-07 13:34:43.820880,2023-12-07 13:34:44.024599,0 days 00:00:00.203719,44,20,32,96,20,COMPLETE
56,1.8428900085481414,2023-12-07 13:34:44.025322,2023-12-07 13:34:44.232414,0 days 00:00:00.207092,48,28,40,168,36,COMPLETE
57,1.7578324519298494,2023-12-07 13:34:44.233203,2023-12-07 13:34:44.441317,0 days 00:00:00.208114,52,24,56,216,44,COMPLETE
58,1.53376266072525,2023-12-07 13:34:44.442073,2023-12-07 13:34:44.648351,0 days 00:00:00.206278,44,32,20,144,24,COMPLETE
59,1.9437040156765062,2023-12-07 13:34:44.649073,2023-12-07 13:34:44.853336,0 days 00:00:00.204263,36,16,48,144,16,COMPLETE
60,0.9334672823575384,2023-12-07 13:34:44.854111,2023-12-07 13:34:45.062801,0 days 00:00:00.208690,56,40,52,168,32,COMPLETE
61,2.9743711891659506,2023-12-07 13:34:45.063645,2023-12-07 13:34:45.269997,0 days 00:00:00.206352,44,24,56,120,28,COMPLETE
62,2.45548592903118,2023-12-07 13:34:45.270797,2023-12-07 13:34:45.478867,0 days 00:00:00.208070,48,28,56,120,28,COMPLETE
63,3.1076437045707,2023-12-07 13:34:45.479694,2023-12-07 13:34:45.684952,0 days 00:00:00.205258,40,24,48,96,20,COMPLETE
64,1.9065416040336738,2023-12-07 13:34:45.685863,2023-12-07 13:34:45.895596,0 days 00:00:00.209733,40,12,52,96,20,COMPLETE
65,3.1003085296185615,2023-12-07 13:34:45.896383,2023-12-07 13:34:46.103354,0 days 00:00:00.206971,40,20,56,96,16,COMPLETE
66,1.4845121144995643,2023-12-07 13:34:46.104103,2023-12-07 13:34:46.310169,0 days 00:00:00.206066,36,20,56,72,12,COMPLETE
67,1.1412936045697022,2023-12-07 13:34:46.311107,2023-12-07 13:34:46.517490,0 days 00:00:00.206383,32,36,60,72,16,COMPLETE
68,1.9472351487128754,2023-12-07 13:34:46.518272,2023-12-07 13:34:46.725976,0 days 00:00:00.207704,40,16,56,96,24,COMPLETE
69,-0.9651045893730439,2023-12-07 13:34:46.726973,2023-12-07 13:34:46.935925,0 days 00:00:00.208952,36,12,12,96,16,COMPLETE
70,2.1301854047461726,2023-12-07 13:34:46.936752,2023-12-07 13:34:47.143175,0 days 00:00:00.206423,44,28,44,120,20,COMPLETE
71,3.766916642574789,2023-12-07 13:34:47.143975,2023-12-07 13:34:47.355352,0 days 00:00:00.211377,44,24,52,120,12,COMPLETE
72,1.4162271136775932,2023-12-07 13:34:47.356158,2023-12-07 13:34:47.745650,0 days 00:00:00.389492,48,20,52,120,8,COMPLETE
73,1.6352398551301839,2023-12-07 13:34:47.746372,2023-12-07 13:34:47.956949,0 days 00:00:00.210577,40,32,60,96,16,COMPLETE
74,2.7548885286096705,2023-12-07 13:34:47.957727,2023-12-07 13:34:48.171043,0 days 00:00:00.213316,40,24,64,120,12,COMPLETE
75,2.140225267841639,2023-12-07 13:34:48.171792,2023-12-07 13:34:48.384063,0 days 00:00:00.212271,40,28,64,120,12,COMPLETE
76,0.9488159404884372,2023-12-07 13:34:48.384774,2023-12-07 13:34:48.595659,0 days 00:00:00.210885,28,60,68,96,8,COMPLETE
77,1.476403697550526,2023-12-07 13:34:48.596368,2023-12-07 13:34:48.809550,0 days 00:00:00.213182,32,20,64,72,12,COMPLETE
78,1.7280551406736975,2023-12-07 13:34:48.810382,2023-12-07 13:34:49.021968,0 days 00:00:00.211586,36,24,60,120,4,COMPLETE
79,1.4724195445381076,2023-12-07 13:34:49.022699,2023-12-07 13:34:49.239008,0 days 00:00:00.216309,48,16,56,120,12,COMPLETE
80,1.3232960062045322,2023-12-07 13:34:49.239790,2023-12-07 13:34:49.452622,0 days 00:00:00.212832,44,28,64,96,16,COMPLETE
81,2.8133070815516814,2023-12-07 13:34:49.453398,2023-12-07 13:34:49.664466,0 days 00:00:00.211068,44,24,52,120,20,COMPLETE
82,2.9028066474113947,2023-12-07 13:34:49.665232,2023-12-07 13:34:49.874178,0 days 00:00:00.208946,40,24,52,120,20,COMPLETE
83,2.9028066474113947,2023-12-07 13:34:49.875339,2023-12-07 13:34:50.091374,0 days 00:00:00.216035,40,24,52,120,20,COMPLETE
84,1.6746183307187041,2023-12-07 13:34:50.092136,2023-12-07 13:34:50.303555,0 days 00:00:00.211419,40,32,52,120,20,COMPLETE
85,1.7914483589366075,2023-12-07 13:34:50.304352,2023-12-07 13:34:50.514067,0 days 00:00:00.209715,40,20,52,120,20,COMPLETE
86,2.3454325773471587,2023-12-07 13:34:50.514876,2023-12-07 13:34:50.726340,0 days 00:00:00.211464,36,24,56,96,16,COMPLETE
87,0.8378945372685485,2023-12-07 13:34:50.727314,2023-12-07 13:34:50.939037,0 days 00:00:00.211723,32,16,52,96,8,COMPLETE
88,-2.2479122109136545,2023-12-07 13:34:50.939774,2023-12-07 13:34:51.150420,0 days 00:00:00.210646,40,8,48,72,12,COMPLETE
89,2.751940146332251,2023-12-07 13:34:51.151358,2023-12-07 13:34:51.363762,0 days 00:00:00.212404,36,20,60,120,20,COMPLETE
90,2.2207141919283195,2023-12-07 13:34:51.364536,2023-12-07 13:34:51.574328,0 days 00:00:00.209792,44,28,56,120,16,COMPLETE
91,1.9997221370531886,2023-12-07 13:34:51.575075,2023-12-07 13:34:51.783757,0 days 00:00:00.208682,36,24,60,120,20,COMPLETE
92,2.182973826548761,2023-12-07 13:34:51.784467,2023-12-07 13:34:51.996073,0 days 00:00:00.211606,40,20,52,120,24,COMPLETE
93,1.1367194077814544,2023-12-07 13:34:51.996862,2023-12-07 13:34:52.208384,0 days 00:00:00.211522,32,20,60,96,68,COMPLETE
94,2.975769488791434,2023-12-07 13:34:52.209278,2023-12-07 13:34:52.418373,0 days 00:00:00.209095,44,24,56,120,24,COMPLETE
95,3.2878413664791375,2023-12-07 13:34:52.419411,2023-12-07 13:34:52.630526,0 days 00:00:00.211115,48,24,48,120,24,COMPLETE
96,3.2878413664791375,2023-12-07 13:34:52.631285,2023-12-07 13:34:52.842188,0 days 00:00:00.210903,48,24,48,120,24,COMPLETE
97,2.129000389253975,2023-12-07 13:34:52.842989,2023-12-07 13:34:53.053152,0 days 00:00:00.210163,48,16,44,96,24,COMPLETE
98,2.5871571843563763,2023-12-07 13:34:53.053931,2023-12-07 13:34:53.266400,0 days 00:00:00.212469,48,28,48,144,24,COMPLETE
99,0.46598037476082593,2023-12-07 13:34:53.267175,2023-12-07 13:34:53.478615,0 days 00:00:00.211440,44,36,48,120,56,COMPLETE
100,1.8752817321005273,2023-12-07 13:34:53.479389,2023-12-07 13:34:53.688520,0 days 00:00:00.209131,52,32,40,144,24,COMPLETE
101,2.8133070815516814,2023-12-07 13:34:53.689350,2023-12-07 13:34:53.899893,0 days 00:00:00.210543,44,24,52,120,20,COMPLETE
102,2.9562941838076515,2023-12-07 13:34:53.900662,2023-12-07 13:34:54.120556,0 days 00:00:00.219894,44,24,52,96,20,COMPLETE
103,2.5556093525890113,2023-12-07 13:34:54.121530,2023-12-07 13:34:54.343451,0 days 00:00:00.221921,48,24,44,96,24,COMPLETE
104,2.3014192725496136,2023-12-07 13:34:54.344550,2023-12-07 13:34:54.564765,0 days 00:00:00.220215,44,28,56,96,32,COMPLETE
105,1.269252587049701,2023-12-07 13:34:54.565546,2023-12-07 13:34:54.777164,0 days 00:00:00.211618,48,20,48,24,16,COMPLETE
106,2.993196805988531,2023-12-07 13:34:54.778022,2023-12-07 13:34:54.987505,0 days 00:00:00.209483,40,24,52,96,28,COMPLETE
107,0.0543138353547834,2023-12-07 13:34:54.988253,2023-12-07 13:34:55.200229,0 days 00:00:00.211976,8,28,56,72,28,COMPLETE
108,1.9883600396776668,2023-12-07 13:34:55.200984,2023-12-07 13:34:55.412750,0 days 00:00:00.211766,52,20,48,96,28,COMPLETE
109,1.839187463512366,2023-12-07 13:34:55.413555,2023-12-07 13:34:55.624150,0 days 00:00:00.210595,44,24,44,96,32,COMPLETE
110,1.5926725799537695,2023-12-07 13:34:55.624877,2023-12-07 13:34:55.835959,0 days 00:00:00.211082,48,16,56,48,24,COMPLETE
111,2.9028066474113947,2023-12-07 13:34:55.836723,2023-12-07 13:34:56.050767,0 days 00:00:00.214044,40,24,52,120,20,COMPLETE
112,1.9690204507957618,2023-12-07 13:34:56.051577,2023-12-07 13:34:56.260738,0 days 00:00:00.209161,40,28,52,120,20,COMPLETE
113,3.200144677379334,2023-12-07 13:34:56.261497,2023-12-07 13:34:56.472994,0 days 00:00:00.211497,44,24,52,96,24,COMPLETE
114,1.7241322397188252,2023-12-07 13:34:56.473808,2023-12-07 13:34:56.683387,0 days 00:00:00.209579,44,20,48,72,24,COMPLETE
115,2.2771147833265313,2023-12-07 13:34:56.684100,2023-12-07 13:34:56.892871,0 days 00:00:00.208771,44,28,56,96,28,COMPLETE
116,2.0607050077629236,2023-12-07 13:34:56.893945,2023-12-07 13:34:57.105134,0 days 00:00:00.211189,48,52,52,72,28,COMPLETE
117,3.152114665779256,2023-12-07 13:34:57.105940,2023-12-07 13:34:57.314388,0 days 00:00:00.208448,48,24,56,96,24,COMPLETE
118,1.9852620806954442,2023-12-07 13:34:57.315146,2023-12-07 13:34:57.523497,0 days 00:00:00.208351,52,32,60,96,24,COMPLETE
119,2.796802882548713,2023-12-07 13:34:57.524379,2023-12-07 13:34:57.734000,0 days 00:00:00.209621,48,24,56,96,32,COMPLETE
120,2.4881480221304924,2023-12-07 13:34:57.734775,2023-12-07 13:34:57.943673,0 days 00:00:00.208898,44,20,48,96,24,COMPLETE
121,2.807346502190085,2023-12-07 13:34:57.944396,2023-12-07 13:34:58.153060,0 days 00:00:00.208664,44,24,52,72,20,COMPLETE
122,2.8927745423036484,2023-12-07 13:34:58.153925,2023-12-07 13:34:58.362779,0 days 00:00:00.208854,40,24,56,96,24,COMPLETE
123,1.9529436399563647,2023-12-07 13:34:58.363550,2023-12-07 13:34:58.571915,0 days 00:00:00.208365,48,20,52,96,16,COMPLETE
124,1.6720980103199432,2023-12-07 13:34:58.572724,2023-12-07 13:34:58.780970,0 days 00:00:00.208246,36,28,56,120,28,COMPLETE
125,2.536739947978506,2023-12-07 13:34:58.781739,2023-12-07 13:34:58.992408,0 days 00:00:00.210669,44,24,48,144,36,COMPLETE
126,1.3724966034996986,2023-12-07 13:34:58.993159,2023-12-07 13:34:59.204733,0 days 00:00:00.211574,40,28,52,240,20,COMPLETE
127,3.1904181902902646,2023-12-07 13:34:59.205529,2023-12-07 13:34:59.413298,0 days 00:00:00.207769,52,20,60,96,24,COMPLETE
128,-1.4647273213118295,2023-12-07 13:34:59.414073,2023-12-07 13:34:59.624486,0 days 00:00:00.210413,52,16,4,96,28,COMPLETE
129,2.151986752480018,2023-12-07 13:34:59.625278,2023-12-07 13:34:59.834773,0 days 00:00:00.209495,56,20,60,72,24,COMPLETE
130,2.6639464902685304,2023-12-07 13:34:59.835620,2023-12-07 13:35:00.046981,0 days 00:00:00.211361,52,12,60,96,24,COMPLETE
131,2.8603827590388713,2023-12-07 13:35:00.047756,2023-12-07 13:35:00.258056,0 days 00:00:00.210300,48,24,56,96,20,COMPLETE
132,3.6396294701005423,2023-12-07 13:35:00.258836,2023-12-07 13:35:00.469373,0 days 00:00:00.210537,44,20,56,120,16,COMPLETE
133,3.65680507023172,2023-12-07 13:35:00.470196,2023-12-07 13:35:00.679377,0 days 00:00:00.209181,48,20,56,120,16,COMPLETE
134,3.6985268871977155,2023-12-07 13:35:00.680180,2023-12-07 13:35:00.890398,0 days 00:00:00.210218,48,20,56,120,12,COMPLETE
135,3.551290717498292,2023-12-07 13:35:00.891145,2023-12-07 13:35:01.101168,0 days 00:00:00.210023,52,20,56,120,12,COMPLETE
136,1.8128912531074872,2023-12-07 13:35:01.102066,2023-12-07 13:35:01.318599,0 days 00:00:00.216533,56,16,60,120,8,COMPLETE
137,3.551290717498292,2023-12-07 13:35:01.319401,2023-12-07 13:35:01.529255,0 days 00:00:00.209854,52,20,56,120,12,COMPLETE
138,1.6375707300543971,2023-12-07 13:35:01.530029,2023-12-07 13:35:01.739493,0 days 00:00:00.209464,52,12,60,120,12,COMPLETE
139,1.2643590891183987,2023-12-07 13:35:01.740200,2023-12-07 13:35:01.955893,0 days 00:00:00.215693,52,16,56,120,12,COMPLETE
140,2.693231597567081,2023-12-07 13:35:01.956669,2023-12-07 13:35:02.168156,0 days 00:00:00.211487,56,20,60,120,12,COMPLETE
141,3.551290717498292,2023-12-07 13:35:02.168977,2023-12-07 13:35:02.378554,0 days 00:00:00.209577,52,20,56,120,12,COMPLETE
142,3.1653157922908197,2023-12-07 13:35:02.379321,2023-12-07 13:35:02.587680,0 days 00:00:00.208359,52,20,56,120,16,COMPLETE
143,3.907170400483192,2023-12-07 13:35:02.588541,2023-12-07 13:35:02.799576,0 days 00:00:00.211035,52,20,56,120,8,COMPLETE
144,2.5878072240662156,2023-12-07 13:35:02.800374,2023-12-07 13:35:03.011767,0 days 00:00:00.211393,60,20,56,120,8,COMPLETE
145,1.6126102116593948,2023-12-07 13:35:03.012564,2023-12-07 13:35:03.225135,0 days 00:00:00.212571,56,16,56,120,8,COMPLETE
146,3.365903076111016,2023-12-07 13:35:03.225951,2023-12-07 13:35:03.436464,0 days 00:00:00.210513,52,20,60,120,12,COMPLETE
147,2.6782760948676954,2023-12-07 13:35:03.437427,2023-12-07 13:35:03.826119,0 days 00:00:00.388692,52,20,64,120,4,COMPLETE
148,0.7534813286228907,2023-12-07 13:35:03.826869,2023-12-07 13:35:04.046571,0 days 00:00:00.219702,56,16,60,144,12,COMPLETE
149,1.6299118787947848,2023-12-07 13:35:04.047364,2023-12-07 13:35:04.264080,0 days 00:00:00.216716,52,16,60,120,8,COMPLETE
150,3.365903076111016,2023-12-07 13:35:04.264862,2023-12-07 13:35:04.482548,0 days 00:00:00.217686,52,20,60,120,12,COMPLETE
151,3.2792629643113673,2023-12-07 13:35:04.483287,2023-12-07 13:35:04.698382,0 days 00:00:00.215095,52,20,64,120,12,COMPLETE
152,2.8869508700530133,2023-12-07 13:35:04.699279,2023-12-07 13:35:04.917593,0 days 00:00:00.218314,56,20,64,120,12,COMPLETE
153,3.423346411869217,2023-12-07 13:35:04.918530,2023-12-07 13:35:05.133296,0 days 00:00:00.214766,52,20,64,120,8,COMPLETE
154,2.4790286088866846,2023-12-07 13:35:05.134036,2023-12-07 13:35:05.348848,0 days 00:00:00.214812,60,20,68,120,4,COMPLETE
155,3.423346411869217,2023-12-07 13:35:05.349818,2023-12-07 13:35:05.567296,0 days 00:00:00.217478,52,20,64,120,8,COMPLETE
156,2.201972144847198,2023-12-07 13:35:05.568078,2023-12-07 13:35:05.783858,0 days 00:00:00.215780,56,16,64,120,8,COMPLETE
157,1.3937860072189532,2023-12-07 13:35:05.784853,2023-12-07 13:35:05.997374,0 days 00:00:00.212521,52,12,64,120,12,COMPLETE
158,1.9649279681854448,2023-12-07 13:35:05.998133,2023-12-07 13:35:06.212418,0 days 00:00:00.214285,48,16,68,144,8,COMPLETE
159,2.6782760948676954,2023-12-07 13:35:06.213200,2023-12-07 13:35:06.426760,0 days 00:00:00.213560,52,20,64,120,4,COMPLETE
160,3.429412531632156,2023-12-07 13:35:06.427779,2023-12-07 13:35:06.642736,0 days 00:00:00.214957,52,20,68,120,12,COMPLETE
161,3.429412531632156,2023-12-07 13:35:06.643591,2023-12-07 13:35:06.859090,0 days 00:00:00.215499,52,20,68,120,12,COMPLETE
162,3.429412531632156,2023-12-07 13:35:06.859853,2023-12-07 13:35:07.073868,0 days 00:00:00.214015,52,20,68,120,12,COMPLETE
163,3.292151420909032,2023-12-07 13:35:07.074620,2023-12-07 13:35:07.287923,0 days 00:00:00.213303,52,16,68,120,8,COMPLETE
164,3.0312466603771817,2023-12-07 13:35:07.288735,2023-12-07 13:35:07.502812,0 days 00:00:00.214077,52,16,72,120,8,COMPLETE
165,2.5710455398081407,2023-12-07 13:35:07.503697,2023-12-07 13:35:07.717972,0 days 00:00:00.214275,56,16,68,120,12,COMPLETE
166,3.38595156798779,2023-12-07 13:35:07.718899,2023-12-07 13:35:07.932898,0 days 00:00:00.213999,52,20,68,120,8,COMPLETE
167,2.6905773310382988,2023-12-07 13:35:07.933685,2023-12-07 13:35:08.147548,0 days 00:00:00.213863,56,20,68,120,8,COMPLETE
168,3.3147050875300716,2023-12-07 13:35:08.148293,2023-12-07 13:35:08.364753,0 days 00:00:00.216460,52,20,68,144,12,COMPLETE
169,1.7916877923724823,2023-12-07 13:35:08.365632,2023-12-07 13:35:08.577850,0 days 00:00:00.212218,56,20,72,144,12,COMPLETE
170,2.891034911938377,2023-12-07 13:35:08.578763,2023-12-07 13:35:08.792345,0 days 00:00:00.213582,52,20,72,144,12,COMPLETE
171,3.292151420909032,2023-12-07 13:35:08.793117,2023-12-07 13:35:09.006896,0 days 00:00:00.213779,52,16,68,120,8,COMPLETE
172,3.38595156798779,2023-12-07 13:35:09.007667,2023-12-07 13:35:09.221523,0 days 00:00:00.213856,52,20,68,120,8,COMPLETE
173,3.38595156798779,2023-12-07 13:35:09.222355,2023-12-07 13:35:09.434350,0 days 00:00:00.211995,52,20,68,120,8,COMPLETE
174,3.2534113797517095,2023-12-07 13:35:09.435308,2023-12-07 13:35:09.648538,0 days 00:00:00.213230,52,20,68,120,4,COMPLETE
